This file contains any messages produced by compilers while
running configure, to aid debugging if configure makes a mistake.

It was created by gsoap configure 2.8, which was
generated by GNU Autoconf 2.71.  Invocation command line was

  $ ./configure

## --------- ##
## Platform. ##
## --------- ##

hostname = tin-PRIME-H470M2-FPT
uname -m = x86_64
uname -r = 5.15.0-56-generic
uname -s = Linux
uname -v = #62-Ubuntu SMP Tue Nov 22 19:54:14 UTC 2022

/usr/bin/uname -p = x86_64
/bin/uname -X     = unknown

/bin/arch              = x86_64
/usr/bin/arch -k       = unknown
/usr/convex/getsysinfo = unknown
/usr/bin/hostinfo      = unknown
/bin/machine           = unknown
/usr/bin/oslevel       = unknown
/bin/universe          = unknown

PATH: /usr/local/sbin/
PATH: /usr/local/bin/
PATH: /usr/sbin/
PATH: /usr/bin/
PATH: /sbin/
PATH: /bin/
PATH: /usr/games/
PATH: /usr/local/games/
PATH: /snap/bin/


## ----------- ##
## Core tests. ##
## ----------- ##

configure:2832: looking for aux files: compile config.guess config.sub missing install-sh
configure:2845:  trying ./
configure:2874:   ./compile found
configure:2874:   ./config.guess found
configure:2874:   ./config.sub found
configure:2874:   ./missing found
configure:2856:   ./install-sh found
configure:3003: checking for a BSD-compatible install
configure:3076: result: /usr/bin/install -c
configure:3087: checking whether build environment is sane
configure:3142: result: yes
configure:3301: checking for a race-free mkdir -p
configure:3345: result: /usr/bin/mkdir -p
configure:3352: checking for gawk
configure:3373: found /usr/bin/gawk
configure:3384: result: gawk
configure:3395: checking whether make sets $(MAKE)
configure:3418: result: yes
configure:3448: checking whether make supports nested variables
configure:3466: result: yes
configure:3609: checking build system type
configure:3624: result: x86_64-pc-linux-gnu
configure:3644: checking host system type
configure:3658: result: x86_64-pc-linux-gnu
configure:3683: checking whether make sets $(MAKE)
configure:3706: result: yes
configure:3785: checking for g++
configure:3806: found /usr/bin/g++
configure:3817: result: g++
configure:3844: checking for C++ compiler version
configure:3853: g++ --version >&5
g++ (Ubuntu 11.3.0-1ubuntu1~22.04) 11.3.0
Copyright (C) 2021 Free Software Foundation, Inc.
This is free software; see the source for copying conditions.  There is NO
warranty; not even for MERCHANTABILITY or FITNESS FOR A PARTICULAR PURPOSE.

configure:3864: $? = 0
configure:3853: g++ -v >&5
Using built-in specs.
COLLECT_GCC=g++
COLLECT_LTO_WRAPPER=/usr/lib/gcc/x86_64-linux-gnu/11/lto-wrapper
OFFLOAD_TARGET_NAMES=nvptx-none:amdgcn-amdhsa
OFFLOAD_TARGET_DEFAULT=1
Target: x86_64-linux-gnu
Configured with: ../src/configure -v --with-pkgversion='Ubuntu 11.3.0-1ubuntu1~22.04' --with-bugurl=file:///usr/share/doc/gcc-11/README.Bugs --enable-languages=c,ada,c++,go,brig,d,fortran,objc,obj-c++,m2 --prefix=/usr --with-gcc-major-version-only --program-suffix=-11 --program-prefix=x86_64-linux-gnu- --enable-shared --enable-linker-build-id --libexecdir=/usr/lib --without-included-gettext --enable-threads=posix --libdir=/usr/lib --enable-nls --enable-bootstrap --enable-clocale=gnu --enable-libstdcxx-debug --enable-libstdcxx-time=yes --with-default-libstdcxx-abi=new --enable-gnu-unique-object --disable-vtable-verify --enable-plugin --enable-default-pie --with-system-zlib --enable-libphobos-checking=release --with-target-system-zlib=auto --enable-objc-gc=auto --enable-multiarch --disable-werror --enable-cet --with-arch-32=i686 --with-abi=m64 --with-multilib-list=m32,m64,mx32 --enable-multilib --with-tune=generic --enable-offload-targets=nvptx-none=/build/gcc-11-xKiWfi/gcc-11-11.3.0/debian/tmp-nvptx/usr,amdgcn-amdhsa=/build/gcc-11-xKiWfi/gcc-11-11.3.0/debian/tmp-gcn/usr --without-cuda-driver --enable-checking=release --build=x86_64-linux-gnu --host=x86_64-linux-gnu --target=x86_64-linux-gnu --with-build-config=bootstrap-lto-lean --enable-link-serialization=2
Thread model: posix
Supported LTO compression algorithms: zlib zstd
gcc version 11.3.0 (Ubuntu 11.3.0-1ubuntu1~22.04) 
... rest of stderr output deleted ...
configure:3864: $? = 0
configure:3853: g++ -V >&5
g++: error: unrecognized command-line option '-V'
g++: fatal error: no input files
compilation terminated.
configure:3864: $? = 1
configure:3853: g++ -qversion >&5
g++: error: unrecognized command-line option '-qversion'; did you mean '--version'?
g++: fatal error: no input files
compilation terminated.
configure:3864: $? = 1
configure:3884: checking whether the C++ compiler works
configure:3906: g++    conftest.cpp  >&5
configure:3910: $? = 0
configure:3960: result: yes
configure:3963: checking for C++ compiler default output file name
configure:3965: result: a.out
configure:3971: checking for suffix of executables
configure:3978: g++ -o conftest    conftest.cpp  >&5
configure:3982: $? = 0
configure:4005: result: 
configure:4027: checking whether we are cross compiling
configure:4035: g++ -o conftest    conftest.cpp  >&5
configure:4039: $? = 0
configure:4046: ./conftest
configure:4050: $? = 0
configure:4065: result: no
configure:4070: checking for suffix of object files
configure:4093: g++ -c   conftest.cpp >&5
configure:4097: $? = 0
configure:4119: result: o
configure:4123: checking whether the compiler supports GNU C++
configure:4143: g++ -c   conftest.cpp >&5
configure:4143: $? = 0
configure:4153: result: yes
configure:4164: checking whether g++ accepts -g
configure:4185: g++ -c -g  conftest.cpp >&5
configure:4185: $? = 0
configure:4229: result: yes
configure:4249: checking for g++ option to enable C++11 features
configure:4264: g++  -c -g -O2  conftest.cpp >&5
conftest.cpp: In function 'int main(int, char**)':
conftest.cpp:177:25: warning: empty parentheses were disambiguated as a function declaration [-Wvexing-parse]
  177 |   cxx11test::delegate d2();
      |                         ^~
conftest.cpp:177:25: note: remove parentheses to default-initialize a variable
  177 |   cxx11test::delegate d2();
      |                         ^~
      |                         --
conftest.cpp:177:25: note: or replace parentheses with braces to value-initialize a variable
configure:4264: $? = 0
configure:4282: result: none needed
configure:4349: checking whether make supports the include directive
configure:4364: make -f confmf.GNU && cat confinc.out
this is the am__doit target
configure:4367: $? = 0
configure:4386: result: yes (GNU style)
configure:4412: checking dependency style of g++
configure:4524: result: gcc3
configure:4601: checking for gcc
configure:4622: found /usr/bin/gcc
configure:4633: result: gcc
configure:4986: checking for C compiler version
configure:4995: gcc --version >&5
gcc (Ubuntu 11.3.0-1ubuntu1~22.04) 11.3.0
Copyright (C) 2021 Free Software Foundation, Inc.
This is free software; see the source for copying conditions.  There is NO
warranty; not even for MERCHANTABILITY or FITNESS FOR A PARTICULAR PURPOSE.

configure:5006: $? = 0
configure:4995: gcc -v >&5
Using built-in specs.
COLLECT_GCC=gcc
COLLECT_LTO_WRAPPER=/usr/lib/gcc/x86_64-linux-gnu/11/lto-wrapper
OFFLOAD_TARGET_NAMES=nvptx-none:amdgcn-amdhsa
OFFLOAD_TARGET_DEFAULT=1
Target: x86_64-linux-gnu
Configured with: ../src/configure -v --with-pkgversion='Ubuntu 11.3.0-1ubuntu1~22.04' --with-bugurl=file:///usr/share/doc/gcc-11/README.Bugs --enable-languages=c,ada,c++,go,brig,d,fortran,objc,obj-c++,m2 --prefix=/usr --with-gcc-major-version-only --program-suffix=-11 --program-prefix=x86_64-linux-gnu- --enable-shared --enable-linker-build-id --libexecdir=/usr/lib --without-included-gettext --enable-threads=posix --libdir=/usr/lib --enable-nls --enable-bootstrap --enable-clocale=gnu --enable-libstdcxx-debug --enable-libstdcxx-time=yes --with-default-libstdcxx-abi=new --enable-gnu-unique-object --disable-vtable-verify --enable-plugin --enable-default-pie --with-system-zlib --enable-libphobos-checking=release --with-target-system-zlib=auto --enable-objc-gc=auto --enable-multiarch --disable-werror --enable-cet --with-arch-32=i686 --with-abi=m64 --with-multilib-list=m32,m64,mx32 --enable-multilib --with-tune=generic --enable-offload-targets=nvptx-none=/build/gcc-11-xKiWfi/gcc-11-11.3.0/debian/tmp-nvptx/usr,amdgcn-amdhsa=/build/gcc-11-xKiWfi/gcc-11-11.3.0/debian/tmp-gcn/usr --without-cuda-driver --enable-checking=release --build=x86_64-linux-gnu --host=x86_64-linux-gnu --target=x86_64-linux-gnu --with-build-config=bootstrap-lto-lean --enable-link-serialization=2
Thread model: posix
Supported LTO compression algorithms: zlib zstd
gcc version 11.3.0 (Ubuntu 11.3.0-1ubuntu1~22.04) 
... rest of stderr output deleted ...
configure:5006: $? = 0
configure:4995: gcc -V >&5
gcc: error: unrecognized command-line option '-V'
gcc: fatal error: no input files
compilation terminated.
configure:5006: $? = 1
configure:4995: gcc -qversion >&5
gcc: error: unrecognized command-line option '-qversion'; did you mean '--version'?
gcc: fatal error: no input files
compilation terminated.
configure:5006: $? = 1
configure:4995: gcc -version >&5
gcc: error: unrecognized command-line option '-version'
gcc: fatal error: no input files
compilation terminated.
configure:5006: $? = 1
configure:5010: checking whether the compiler supports GNU C
configure:5030: gcc -c   conftest.c >&5
configure:5030: $? = 0
configure:5040: result: yes
configure:5051: checking whether gcc accepts -g
configure:5072: gcc -c -g  conftest.c >&5
configure:5072: $? = 0
configure:5116: result: yes
configure:5136: checking for gcc option to enable C11 features
configure:5151: gcc  -c -g -O2  conftest.c >&5
configure:5151: $? = 0
configure:5169: result: none needed
configure:5285: checking whether gcc understands -c and -o together
configure:5308: gcc -c conftest.c -o conftest2.o
configure:5311: $? = 0
configure:5308: gcc -c conftest.c -o conftest2.o
configure:5311: $? = 0
configure:5323: result: yes
configure:5342: checking dependency style of gcc
configure:5454: result: gcc3
configure:5475: checking for flex
configure:5496: found /usr/bin/flex
configure:5507: result: flex
configure:5556: checking for lex output file root
configure:5569: flex conftest.l
configure:5573: $? = 0
configure:5581: result: lex.yy
configure:5596: checking for lex library
configure:5621: gcc -o conftest -g -O2   conftest.c  >&5
configure:5621: $? = 0
configure:5634: result: none needed
configure:5649: checking for library containing yywrap
configure:5679: gcc -o conftest -g -O2   conftest.c  >&5
/usr/bin/ld: /tmp/ccsbxvLS.o: in function `main':
/home/tin/Documents/gsoap-2.8/conftest.c:19: undefined reference to `yywrap'
collect2: error: ld returned 1 exit status
configure:5679: $? = 1
configure: failed program was:
| /* confdefs.h */
| #define PACKAGE_NAME "gsoap"
| #define PACKAGE_TARNAME "gsoap"
| #define PACKAGE_VERSION "2.8"
| #define PACKAGE_STRING "gsoap 2.8"
| #define PACKAGE_BUGREPORT ""
| #define PACKAGE_URL ""
| #define PACKAGE "gsoap"
| #define VERSION "2.8"
| /* end confdefs.h.  */
| 
| /* Override any GCC internal prototype to avoid an error.
|    Use char because int might match the return type of a GCC
|    builtin and then its argument prototype would still apply.  */
| char yywrap ();
| int
| main (void)
| {
| return yywrap ();
|   ;
|   return 0;
| }
configure:5679: gcc -o conftest -g -O2   conftest.c -lfl   >&5
/usr/bin/ld: cannot find -lfl: No such file or directory
collect2: error: ld returned 1 exit status
configure:5679: $? = 1
configure: failed program was:
| /* confdefs.h */
| #define PACKAGE_NAME "gsoap"
| #define PACKAGE_TARNAME "gsoap"
| #define PACKAGE_VERSION "2.8"
| #define PACKAGE_STRING "gsoap 2.8"
| #define PACKAGE_BUGREPORT ""
| #define PACKAGE_URL ""
| #define PACKAGE "gsoap"
| #define VERSION "2.8"
| /* end confdefs.h.  */
| 
| /* Override any GCC internal prototype to avoid an error.
|    Use char because int might match the return type of a GCC
|    builtin and then its argument prototype would still apply.  */
| char yywrap ();
| int
| main (void)
| {
| return yywrap ();
|   ;
|   return 0;
| }
configure:5679: gcc -o conftest -g -O2   conftest.c -ll   >&5
/usr/bin/ld: cannot find -ll: No such file or directory
collect2: error: ld returned 1 exit status
configure:5679: $? = 1
configure: failed program was:
| /* confdefs.h */
| #define PACKAGE_NAME "gsoap"
| #define PACKAGE_TARNAME "gsoap"
| #define PACKAGE_VERSION "2.8"
| #define PACKAGE_STRING "gsoap 2.8"
| #define PACKAGE_BUGREPORT ""
| #define PACKAGE_URL ""
| #define PACKAGE "gsoap"
| #define VERSION "2.8"
| /* end confdefs.h.  */
| 
| /* Override any GCC internal prototype to avoid an error.
|    Use char because int might match the return type of a GCC
|    builtin and then its argument prototype would still apply.  */
| char yywrap ();
| int
| main (void)
| {
| return yywrap ();
|   ;
|   return 0;
| }
configure:5699: result: no
configure:5715: checking whether yytext is a pointer
configure:5731: gcc -c -g -O2  conftest.c >&5
configure:5731: $? = 0
configure:5738: result: yes
configure:5757: checking for bison
configure:5778: found /usr/bin/bison
configure:5789: result: bison -y
configure:5806: checking how to run the C preprocessor
configure:5832: gcc -E  conftest.c
configure:5832: $? = 0
configure:5847: gcc -E  conftest.c
conftest.c:12:10: fatal error: ac_nonexistent.h: No such file or directory
   12 | #include <ac_nonexistent.h>
      |          ^~~~~~~~~~~~~~~~~~
compilation terminated.
configure:5847: $? = 1
configure: failed program was:
| /* confdefs.h */
| #define PACKAGE_NAME "gsoap"
| #define PACKAGE_TARNAME "gsoap"
| #define PACKAGE_VERSION "2.8"
| #define PACKAGE_STRING "gsoap 2.8"
| #define PACKAGE_BUGREPORT ""
| #define PACKAGE_URL ""
| #define PACKAGE "gsoap"
| #define VERSION "2.8"
| #define YYTEXT_POINTER 1
| /* end confdefs.h.  */
| #include <ac_nonexistent.h>
configure:5874: result: gcc -E
configure:5888: gcc -E  conftest.c
configure:5888: $? = 0
configure:5903: gcc -E  conftest.c
conftest.c:12:10: fatal error: ac_nonexistent.h: No such file or directory
   12 | #include <ac_nonexistent.h>
      |          ^~~~~~~~~~~~~~~~~~
compilation terminated.
configure:5903: $? = 1
configure: failed program was:
| /* confdefs.h */
| #define PACKAGE_NAME "gsoap"
| #define PACKAGE_TARNAME "gsoap"
| #define PACKAGE_VERSION "2.8"
| #define PACKAGE_STRING "gsoap 2.8"
| #define PACKAGE_BUGREPORT ""
| #define PACKAGE_URL ""
| #define PACKAGE "gsoap"
| #define VERSION "2.8"
| #define YYTEXT_POINTER 1
| /* end confdefs.h.  */
| #include <ac_nonexistent.h>
configure:5981: checking for ranlib
configure:6002: found /usr/bin/ranlib
configure:6013: result: ranlib
configure:6036: checking whether ln -s works
configure:6040: result: yes
configure:6051: checking for gawk
configure:6083: result: gawk
configure:6144: checking for ar
configure:6165: found /usr/bin/ar
configure:6176: result: ar
configure:6276: checking for stdio.h
configure:6276: gcc -c -g -O2  conftest.c >&5
configure:6276: $? = 0
configure:6276: result: yes
configure:6276: checking for stdlib.h
configure:6276: gcc -c -g -O2  conftest.c >&5
configure:6276: $? = 0
configure:6276: result: yes
configure:6276: checking for string.h
configure:6276: gcc -c -g -O2  conftest.c >&5
configure:6276: $? = 0
configure:6276: result: yes
configure:6276: checking for inttypes.h
configure:6276: gcc -c -g -O2  conftest.c >&5
configure:6276: $? = 0
configure:6276: result: yes
configure:6276: checking for stdint.h
configure:6276: gcc -c -g -O2  conftest.c >&5
configure:6276: $? = 0
configure:6276: result: yes
configure:6276: checking for strings.h
configure:6276: gcc -c -g -O2  conftest.c >&5
configure:6276: $? = 0
configure:6276: result: yes
configure:6276: checking for sys/stat.h
configure:6276: gcc -c -g -O2  conftest.c >&5
configure:6276: $? = 0
configure:6276: result: yes
configure:6276: checking for sys/types.h
configure:6276: gcc -c -g -O2  conftest.c >&5
configure:6276: $? = 0
configure:6276: result: yes
configure:6276: checking for unistd.h
configure:6276: gcc -c -g -O2  conftest.c >&5
configure:6276: $? = 0
configure:6276: result: yes
configure:6276: checking for sys/time.h
configure:6276: gcc -c -g -O2  conftest.c >&5
configure:6276: $? = 0
configure:6276: result: yes
configure:6301: checking for arpa/inet.h
configure:6301: gcc -c -g -O2  conftest.c >&5
configure:6301: $? = 0
configure:6301: result: yes
configure:6307: checking for locale.h
configure:6307: gcc -c -g -O2  conftest.c >&5
configure:6307: $? = 0
configure:6307: result: yes
configure:6313: checking for xlocale.h
configure:6313: gcc -c -g -O2  conftest.c >&5
conftest.c:53:10: fatal error: xlocale.h: No such file or directory
   53 | #include <xlocale.h>
      |          ^~~~~~~~~~~
compilation terminated.
configure:6313: $? = 1
configure: failed program was:
| /* confdefs.h */
| #define PACKAGE_NAME "gsoap"
| #define PACKAGE_TARNAME "gsoap"
| #define PACKAGE_VERSION "2.8"
| #define PACKAGE_STRING "gsoap 2.8"
| #define PACKAGE_BUGREPORT ""
| #define PACKAGE_URL ""
| #define PACKAGE "gsoap"
| #define VERSION "2.8"
| #define YYTEXT_POINTER 1
| #define HAVE_STDIO_H 1
| #define HAVE_STDLIB_H 1
| #define HAVE_STRING_H 1
| #define HAVE_INTTYPES_H 1
| #define HAVE_STDINT_H 1
| #define HAVE_STRINGS_H 1
| #define HAVE_SYS_STAT_H 1
| #define HAVE_SYS_TYPES_H 1
| #define HAVE_UNISTD_H 1
| #define HAVE_SYS_TIME_H 1
| #define STDC_HEADERS 1
| #define HAVE_ARPA_INET_H 1
| #define HAVE_LOCALE_H 1
| /* end confdefs.h.  */
| #include <stddef.h>
| #ifdef HAVE_STDIO_H
| # include <stdio.h>
| #endif
| #ifdef HAVE_STDLIB_H
| # include <stdlib.h>
| #endif
| #ifdef HAVE_STRING_H
| # include <string.h>
| #endif
| #ifdef HAVE_INTTYPES_H
| # include <inttypes.h>
| #endif
| #ifdef HAVE_STDINT_H
| # include <stdint.h>
| #endif
| #ifdef HAVE_STRINGS_H
| # include <strings.h>
| #endif
| #ifdef HAVE_SYS_TYPES_H
| # include <sys/types.h>
| #endif
| #ifdef HAVE_SYS_STAT_H
| # include <sys/stat.h>
| #endif
| #ifdef HAVE_UNISTD_H
| # include <unistd.h>
| #endif
| #include <xlocale.h>
configure:6313: result: no
configure:6319: checking for errno.h
configure:6319: gcc -c -g -O2  conftest.c >&5
configure:6319: $? = 0
configure:6319: result: yes
configure:6325: checking for fcntl.h
configure:6325: gcc -c -g -O2  conftest.c >&5
configure:6325: $? = 0
configure:6325: result: yes
configure:6331: checking for ctype.h
configure:6331: gcc -c -g -O2  conftest.c >&5
configure:6331: $? = 0
configure:6331: result: yes
configure:6337: checking for limits.h
configure:6337: gcc -c -g -O2  conftest.c >&5
configure:6337: $? = 0
configure:6337: result: yes
configure:6343: checking for float.h
configure:6343: gcc -c -g -O2  conftest.c >&5
configure:6343: $? = 0
configure:6343: result: yes
configure:6349: checking for math.h
configure:6349: gcc -c -g -O2  conftest.c >&5
configure:6349: $? = 0
configure:6349: result: yes
configure:6355: checking for netdb.h
configure:6355: gcc -c -g -O2  conftest.c >&5
configure:6355: $? = 0
configure:6355: result: yes
configure:6361: checking for netinet/in.h
configure:6361: gcc -c -g -O2  conftest.c >&5
configure:6361: $? = 0
configure:6361: result: yes
configure:6367: checking for stdlib.h
configure:6367: result: yes
configure:6373: checking for string.h
configure:6373: result: yes
configure:6379: checking for strings.h
configure:6379: result: yes
configure:6385: checking for stdint.h
configure:6385: result: yes
configure:6391: checking for inttypes.h
configure:6391: result: yes
configure:6397: checking for time.h
configure:6397: gcc -c -g -O2  conftest.c >&5
configure:6397: $? = 0
configure:6397: result: yes
configure:6403: checking for sys/inttypes.h
configure:6403: gcc -c -g -O2  conftest.c >&5
conftest.c:67:10: fatal error: sys/inttypes.h: No such file or directory
   67 | #include <sys/inttypes.h>
      |          ^~~~~~~~~~~~~~~~
compilation terminated.
configure:6403: $? = 1
configure: failed program was:
| /* confdefs.h */
| #define PACKAGE_NAME "gsoap"
| #define PACKAGE_TARNAME "gsoap"
| #define PACKAGE_VERSION "2.8"
| #define PACKAGE_STRING "gsoap 2.8"
| #define PACKAGE_BUGREPORT ""
| #define PACKAGE_URL ""
| #define PACKAGE "gsoap"
| #define VERSION "2.8"
| #define YYTEXT_POINTER 1
| #define HAVE_STDIO_H 1
| #define HAVE_STDLIB_H 1
| #define HAVE_STRING_H 1
| #define HAVE_INTTYPES_H 1
| #define HAVE_STDINT_H 1
| #define HAVE_STRINGS_H 1
| #define HAVE_SYS_STAT_H 1
| #define HAVE_SYS_TYPES_H 1
| #define HAVE_UNISTD_H 1
| #define HAVE_SYS_TIME_H 1
| #define STDC_HEADERS 1
| #define HAVE_ARPA_INET_H 1
| #define HAVE_LOCALE_H 1
| #define HAVE_ERRNO_H 1
| #define HAVE_FCNTL_H 1
| #define HAVE_CTYPE_H 1
| #define HAVE_LIMITS_H 1
| #define HAVE_FLOAT_H 1
| #define HAVE_MATH_H 1
| #define HAVE_NETDB_H 1
| #define HAVE_NETINET_IN_H 1
| #define HAVE_STDLIB_H 1
| #define HAVE_STRING_H 1
| #define HAVE_STRINGS_H 1
| #define HAVE_STDINT_H 1
| #define HAVE_INTTYPES_H 1
| #define HAVE_TIME_H 1
| /* end confdefs.h.  */
| #include <stddef.h>
| #ifdef HAVE_STDIO_H
| # include <stdio.h>
| #endif
| #ifdef HAVE_STDLIB_H
| # include <stdlib.h>
| #endif
| #ifdef HAVE_STRING_H
| # include <string.h>
| #endif
| #ifdef HAVE_INTTYPES_H
| # include <inttypes.h>
| #endif
| #ifdef HAVE_STDINT_H
| # include <stdint.h>
| #endif
| #ifdef HAVE_STRINGS_H
| # include <strings.h>
| #endif
| #ifdef HAVE_SYS_TYPES_H
| # include <sys/types.h>
| #endif
| #ifdef HAVE_SYS_STAT_H
| # include <sys/stat.h>
| #endif
| #ifdef HAVE_UNISTD_H
| # include <unistd.h>
| #endif
| #include <sys/inttypes.h>
configure:6403: result: no
configure:6409: checking for sys/socket.h
configure:6409: gcc -c -g -O2  conftest.c >&5
configure:6409: $? = 0
configure:6409: result: yes
configure:6415: checking for sys/types.h
configure:6415: result: yes
configure:6421: checking for sys/time.h
configure:6421: result: yes
configure:6427: checking for sys/timeb.h
configure:6427: gcc -c -g -O2  conftest.c >&5
configure:6427: $? = 0
configure:6427: result: yes
configure:6433: checking for unistd.h
configure:6433: result: yes
configure:6439: checking for poll.h
configure:6439: gcc -c -g -O2  conftest.c >&5
configure:6439: $? = 0
configure:6439: result: yes
configure:6445: checking for openssl/ssl.h
configure:6445: gcc -c -g -O2  conftest.c >&5
conftest.c:73:10: fatal error: openssl/ssl.h: No such file or directory
   73 | #include <openssl/ssl.h>
      |          ^~~~~~~~~~~~~~~
compilation terminated.
configure:6445: $? = 1
configure: failed program was:
| /* confdefs.h */
| #define PACKAGE_NAME "gsoap"
| #define PACKAGE_TARNAME "gsoap"
| #define PACKAGE_VERSION "2.8"
| #define PACKAGE_STRING "gsoap 2.8"
| #define PACKAGE_BUGREPORT ""
| #define PACKAGE_URL ""
| #define PACKAGE "gsoap"
| #define VERSION "2.8"
| #define YYTEXT_POINTER 1
| #define HAVE_STDIO_H 1
| #define HAVE_STDLIB_H 1
| #define HAVE_STRING_H 1
| #define HAVE_INTTYPES_H 1
| #define HAVE_STDINT_H 1
| #define HAVE_STRINGS_H 1
| #define HAVE_SYS_STAT_H 1
| #define HAVE_SYS_TYPES_H 1
| #define HAVE_UNISTD_H 1
| #define HAVE_SYS_TIME_H 1
| #define STDC_HEADERS 1
| #define HAVE_ARPA_INET_H 1
| #define HAVE_LOCALE_H 1
| #define HAVE_ERRNO_H 1
| #define HAVE_FCNTL_H 1
| #define HAVE_CTYPE_H 1
| #define HAVE_LIMITS_H 1
| #define HAVE_FLOAT_H 1
| #define HAVE_MATH_H 1
| #define HAVE_NETDB_H 1
| #define HAVE_NETINET_IN_H 1
| #define HAVE_STDLIB_H 1
| #define HAVE_STRING_H 1
| #define HAVE_STRINGS_H 1
| #define HAVE_STDINT_H 1
| #define HAVE_INTTYPES_H 1
| #define HAVE_TIME_H 1
| #define HAVE_SYS_SOCKET_H 1
| #define HAVE_SYS_TYPES_H 1
| #define HAVE_SYS_TIME_H 1
| #define HAVE_SYS_TIMEB_H 1
| #define HAVE_UNISTD_H 1
| #define HAVE_POLL_H 1
| /* end confdefs.h.  */
| #include <stddef.h>
| #ifdef HAVE_STDIO_H
| # include <stdio.h>
| #endif
| #ifdef HAVE_STDLIB_H
| # include <stdlib.h>
| #endif
| #ifdef HAVE_STRING_H
| # include <string.h>
| #endif
| #ifdef HAVE_INTTYPES_H
| # include <inttypes.h>
| #endif
| #ifdef HAVE_STDINT_H
| # include <stdint.h>
| #endif
| #ifdef HAVE_STRINGS_H
| # include <strings.h>
| #endif
| #ifdef HAVE_SYS_TYPES_H
| # include <sys/types.h>
| #endif
| #ifdef HAVE_SYS_STAT_H
| # include <sys/stat.h>
| #endif
| #ifdef HAVE_UNISTD_H
| # include <unistd.h>
| #endif
| #include <openssl/ssl.h>
configure:6445: result: no
configure:6451: checking for gnutls/gnutls.h
configure:6451: gcc -c -g -O2  conftest.c >&5
conftest.c:73:10: fatal error: gnutls/gnutls.h: No such file or directory
   73 | #include <gnutls/gnutls.h>
      |          ^~~~~~~~~~~~~~~~~
compilation terminated.
configure:6451: $? = 1
configure: failed program was:
| /* confdefs.h */
| #define PACKAGE_NAME "gsoap"
| #define PACKAGE_TARNAME "gsoap"
| #define PACKAGE_VERSION "2.8"
| #define PACKAGE_STRING "gsoap 2.8"
| #define PACKAGE_BUGREPORT ""
| #define PACKAGE_URL ""
| #define PACKAGE "gsoap"
| #define VERSION "2.8"
| #define YYTEXT_POINTER 1
| #define HAVE_STDIO_H 1
| #define HAVE_STDLIB_H 1
| #define HAVE_STRING_H 1
| #define HAVE_INTTYPES_H 1
| #define HAVE_STDINT_H 1
| #define HAVE_STRINGS_H 1
| #define HAVE_SYS_STAT_H 1
| #define HAVE_SYS_TYPES_H 1
| #define HAVE_UNISTD_H 1
| #define HAVE_SYS_TIME_H 1
| #define STDC_HEADERS 1
| #define HAVE_ARPA_INET_H 1
| #define HAVE_LOCALE_H 1
| #define HAVE_ERRNO_H 1
| #define HAVE_FCNTL_H 1
| #define HAVE_CTYPE_H 1
| #define HAVE_LIMITS_H 1
| #define HAVE_FLOAT_H 1
| #define HAVE_MATH_H 1
| #define HAVE_NETDB_H 1
| #define HAVE_NETINET_IN_H 1
| #define HAVE_STDLIB_H 1
| #define HAVE_STRING_H 1
| #define HAVE_STRINGS_H 1
| #define HAVE_STDINT_H 1
| #define HAVE_INTTYPES_H 1
| #define HAVE_TIME_H 1
| #define HAVE_SYS_SOCKET_H 1
| #define HAVE_SYS_TYPES_H 1
| #define HAVE_SYS_TIME_H 1
| #define HAVE_SYS_TIMEB_H 1
| #define HAVE_UNISTD_H 1
| #define HAVE_POLL_H 1
| /* end confdefs.h.  */
| #include <stddef.h>
| #ifdef HAVE_STDIO_H
| # include <stdio.h>
| #endif
| #ifdef HAVE_STDLIB_H
| # include <stdlib.h>
| #endif
| #ifdef HAVE_STRING_H
| # include <string.h>
| #endif
| #ifdef HAVE_INTTYPES_H
| # include <inttypes.h>
| #endif
| #ifdef HAVE_STDINT_H
| # include <stdint.h>
| #endif
| #ifdef HAVE_STRINGS_H
| # include <strings.h>
| #endif
| #ifdef HAVE_SYS_TYPES_H
| # include <sys/types.h>
| #endif
| #ifdef HAVE_SYS_STAT_H
| # include <sys/stat.h>
| #endif
| #ifdef HAVE_UNISTD_H
| # include <unistd.h>
| #endif
| #include <gnutls/gnutls.h>
configure:6451: result: no
configure:6457: checking for wolfssl/ssl.h
configure:6457: gcc -c -g -O2  conftest.c >&5
conftest.c:73:10: fatal error: wolfssl/ssl.h: No such file or directory
   73 | #include <wolfssl/ssl.h>
      |          ^~~~~~~~~~~~~~~
compilation terminated.
configure:6457: $? = 1
configure: failed program was:
| /* confdefs.h */
| #define PACKAGE_NAME "gsoap"
| #define PACKAGE_TARNAME "gsoap"
| #define PACKAGE_VERSION "2.8"
| #define PACKAGE_STRING "gsoap 2.8"
| #define PACKAGE_BUGREPORT ""
| #define PACKAGE_URL ""
| #define PACKAGE "gsoap"
| #define VERSION "2.8"
| #define YYTEXT_POINTER 1
| #define HAVE_STDIO_H 1
| #define HAVE_STDLIB_H 1
| #define HAVE_STRING_H 1
| #define HAVE_INTTYPES_H 1
| #define HAVE_STDINT_H 1
| #define HAVE_STRINGS_H 1
| #define HAVE_SYS_STAT_H 1
| #define HAVE_SYS_TYPES_H 1
| #define HAVE_UNISTD_H 1
| #define HAVE_SYS_TIME_H 1
| #define STDC_HEADERS 1
| #define HAVE_ARPA_INET_H 1
| #define HAVE_LOCALE_H 1
| #define HAVE_ERRNO_H 1
| #define HAVE_FCNTL_H 1
| #define HAVE_CTYPE_H 1
| #define HAVE_LIMITS_H 1
| #define HAVE_FLOAT_H 1
| #define HAVE_MATH_H 1
| #define HAVE_NETDB_H 1
| #define HAVE_NETINET_IN_H 1
| #define HAVE_STDLIB_H 1
| #define HAVE_STRING_H 1
| #define HAVE_STRINGS_H 1
| #define HAVE_STDINT_H 1
| #define HAVE_INTTYPES_H 1
| #define HAVE_TIME_H 1
| #define HAVE_SYS_SOCKET_H 1
| #define HAVE_SYS_TYPES_H 1
| #define HAVE_SYS_TIME_H 1
| #define HAVE_SYS_TIMEB_H 1
| #define HAVE_UNISTD_H 1
| #define HAVE_POLL_H 1
| /* end confdefs.h.  */
| #include <stddef.h>
| #ifdef HAVE_STDIO_H
| # include <stdio.h>
| #endif
| #ifdef HAVE_STDLIB_H
| # include <stdlib.h>
| #endif
| #ifdef HAVE_STRING_H
| # include <string.h>
| #endif
| #ifdef HAVE_INTTYPES_H
| # include <inttypes.h>
| #endif
| #ifdef HAVE_STDINT_H
| # include <stdint.h>
| #endif
| #ifdef HAVE_STRINGS_H
| # include <strings.h>
| #endif
| #ifdef HAVE_SYS_TYPES_H
| # include <sys/types.h>
| #endif
| #ifdef HAVE_SYS_STAT_H
| # include <sys/stat.h>
| #endif
| #ifdef HAVE_UNISTD_H
| # include <unistd.h>
| #endif
| #include <wolfssl/ssl.h>
configure:6457: result: no
configure:6463: checking for zlib.h
configure:6463: gcc -c -g -O2  conftest.c >&5
conftest.c:73:10: fatal error: zlib.h: No such file or directory
   73 | #include <zlib.h>
      |          ^~~~~~~~
compilation terminated.
configure:6463: $? = 1
configure: failed program was:
| /* confdefs.h */
| #define PACKAGE_NAME "gsoap"
| #define PACKAGE_TARNAME "gsoap"
| #define PACKAGE_VERSION "2.8"
| #define PACKAGE_STRING "gsoap 2.8"
| #define PACKAGE_BUGREPORT ""
| #define PACKAGE_URL ""
| #define PACKAGE "gsoap"
| #define VERSION "2.8"
| #define YYTEXT_POINTER 1
| #define HAVE_STDIO_H 1
| #define HAVE_STDLIB_H 1
| #define HAVE_STRING_H 1
| #define HAVE_INTTYPES_H 1
| #define HAVE_STDINT_H 1
| #define HAVE_STRINGS_H 1
| #define HAVE_SYS_STAT_H 1
| #define HAVE_SYS_TYPES_H 1
| #define HAVE_UNISTD_H 1
| #define HAVE_SYS_TIME_H 1
| #define STDC_HEADERS 1
| #define HAVE_ARPA_INET_H 1
| #define HAVE_LOCALE_H 1
| #define HAVE_ERRNO_H 1
| #define HAVE_FCNTL_H 1
| #define HAVE_CTYPE_H 1
| #define HAVE_LIMITS_H 1
| #define HAVE_FLOAT_H 1
| #define HAVE_MATH_H 1
| #define HAVE_NETDB_H 1
| #define HAVE_NETINET_IN_H 1
| #define HAVE_STDLIB_H 1
| #define HAVE_STRING_H 1
| #define HAVE_STRINGS_H 1
| #define HAVE_STDINT_H 1
| #define HAVE_INTTYPES_H 1
| #define HAVE_TIME_H 1
| #define HAVE_SYS_SOCKET_H 1
| #define HAVE_SYS_TYPES_H 1
| #define HAVE_SYS_TIME_H 1
| #define HAVE_SYS_TIMEB_H 1
| #define HAVE_UNISTD_H 1
| #define HAVE_POLL_H 1
| /* end confdefs.h.  */
| #include <stddef.h>
| #ifdef HAVE_STDIO_H
| # include <stdio.h>
| #endif
| #ifdef HAVE_STDLIB_H
| # include <stdlib.h>
| #endif
| #ifdef HAVE_STRING_H
| # include <string.h>
| #endif
| #ifdef HAVE_INTTYPES_H
| # include <inttypes.h>
| #endif
| #ifdef HAVE_STDINT_H
| # include <stdint.h>
| #endif
| #ifdef HAVE_STRINGS_H
| # include <strings.h>
| #endif
| #ifdef HAVE_SYS_TYPES_H
| # include <sys/types.h>
| #endif
| #ifdef HAVE_SYS_STAT_H
| # include <sys/stat.h>
| #endif
| #ifdef HAVE_UNISTD_H
| # include <unistd.h>
| #endif
| #include <zlib.h>
configure:6463: result: no
configure:6472: checking for socklen_t
configure:6472: gcc -c -g -O2  conftest.c >&5
configure:6472: $? = 0
configure:6472: gcc -c -g -O2  conftest.c >&5
conftest.c: In function 'main':
conftest.c:54:24: error: expected expression before ')' token
   54 | if (sizeof ((socklen_t)))
      |                        ^
configure:6472: $? = 1
configure: failed program was:
| /* confdefs.h */
| #define PACKAGE_NAME "gsoap"
| #define PACKAGE_TARNAME "gsoap"
| #define PACKAGE_VERSION "2.8"
| #define PACKAGE_STRING "gsoap 2.8"
| #define PACKAGE_BUGREPORT ""
| #define PACKAGE_URL ""
| #define PACKAGE "gsoap"
| #define VERSION "2.8"
| #define YYTEXT_POINTER 1
| #define HAVE_STDIO_H 1
| #define HAVE_STDLIB_H 1
| #define HAVE_STRING_H 1
| #define HAVE_INTTYPES_H 1
| #define HAVE_STDINT_H 1
| #define HAVE_STRINGS_H 1
| #define HAVE_SYS_STAT_H 1
| #define HAVE_SYS_TYPES_H 1
| #define HAVE_UNISTD_H 1
| #define HAVE_SYS_TIME_H 1
| #define STDC_HEADERS 1
| #define HAVE_ARPA_INET_H 1
| #define HAVE_LOCALE_H 1
| #define HAVE_ERRNO_H 1
| #define HAVE_FCNTL_H 1
| #define HAVE_CTYPE_H 1
| #define HAVE_LIMITS_H 1
| #define HAVE_FLOAT_H 1
| #define HAVE_MATH_H 1
| #define HAVE_NETDB_H 1
| #define HAVE_NETINET_IN_H 1
| #define HAVE_STDLIB_H 1
| #define HAVE_STRING_H 1
| #define HAVE_STRINGS_H 1
| #define HAVE_STDINT_H 1
| #define HAVE_INTTYPES_H 1
| #define HAVE_TIME_H 1
| #define HAVE_SYS_SOCKET_H 1
| #define HAVE_SYS_TYPES_H 1
| #define HAVE_SYS_TIME_H 1
| #define HAVE_SYS_TIMEB_H 1
| #define HAVE_UNISTD_H 1
| #define HAVE_POLL_H 1
| /* end confdefs.h.  */
| 
| #if HAVE_SYS_SOCKET_H
| # include <sys/socket.h>
| #endif
| 
| 
| int
| main (void)
| {
| if (sizeof ((socklen_t)))
| 	    return 0;
|   ;
|   return 0;
| }
configure:6472: result: yes
configure:6488: checking for an ANSI C-conforming const
configure:6555: gcc -c -g -O2  conftest.c >&5
configure:6555: $? = 0
configure:6563: result: yes
configure:6571: checking for size_t
configure:6571: gcc -c -g -O2  conftest.c >&5
configure:6571: $? = 0
configure:6571: gcc -c -g -O2  conftest.c >&5
conftest.c: In function 'main':
conftest.c:77:21: error: expected expression before ')' token
   77 | if (sizeof ((size_t)))
      |                     ^
configure:6571: $? = 1
configure: failed program was:
| /* confdefs.h */
| #define PACKAGE_NAME "gsoap"
| #define PACKAGE_TARNAME "gsoap"
| #define PACKAGE_VERSION "2.8"
| #define PACKAGE_STRING "gsoap 2.8"
| #define PACKAGE_BUGREPORT ""
| #define PACKAGE_URL ""
| #define PACKAGE "gsoap"
| #define VERSION "2.8"
| #define YYTEXT_POINTER 1
| #define HAVE_STDIO_H 1
| #define HAVE_STDLIB_H 1
| #define HAVE_STRING_H 1
| #define HAVE_INTTYPES_H 1
| #define HAVE_STDINT_H 1
| #define HAVE_STRINGS_H 1
| #define HAVE_SYS_STAT_H 1
| #define HAVE_SYS_TYPES_H 1
| #define HAVE_UNISTD_H 1
| #define HAVE_SYS_TIME_H 1
| #define STDC_HEADERS 1
| #define HAVE_ARPA_INET_H 1
| #define HAVE_LOCALE_H 1
| #define HAVE_ERRNO_H 1
| #define HAVE_FCNTL_H 1
| #define HAVE_CTYPE_H 1
| #define HAVE_LIMITS_H 1
| #define HAVE_FLOAT_H 1
| #define HAVE_MATH_H 1
| #define HAVE_NETDB_H 1
| #define HAVE_NETINET_IN_H 1
| #define HAVE_STDLIB_H 1
| #define HAVE_STRING_H 1
| #define HAVE_STRINGS_H 1
| #define HAVE_STDINT_H 1
| #define HAVE_INTTYPES_H 1
| #define HAVE_TIME_H 1
| #define HAVE_SYS_SOCKET_H 1
| #define HAVE_SYS_TYPES_H 1
| #define HAVE_SYS_TIME_H 1
| #define HAVE_SYS_TIMEB_H 1
| #define HAVE_UNISTD_H 1
| #define HAVE_POLL_H 1
| #define HAVE_SOCKLEN_T 1
| /* end confdefs.h.  */
| #include <stddef.h>
| #ifdef HAVE_STDIO_H
| # include <stdio.h>
| #endif
| #ifdef HAVE_STDLIB_H
| # include <stdlib.h>
| #endif
| #ifdef HAVE_STRING_H
| # include <string.h>
| #endif
| #ifdef HAVE_INTTYPES_H
| # include <inttypes.h>
| #endif
| #ifdef HAVE_STDINT_H
| # include <stdint.h>
| #endif
| #ifdef HAVE_STRINGS_H
| # include <strings.h>
| #endif
| #ifdef HAVE_SYS_TYPES_H
| # include <sys/types.h>
| #endif
| #ifdef HAVE_SYS_STAT_H
| # include <sys/stat.h>
| #endif
| #ifdef HAVE_UNISTD_H
| # include <unistd.h>
| #endif
| int
| main (void)
| {
| if (sizeof ((size_t)))
| 	    return 0;
|   ;
|   return 0;
| }
configure:6571: result: yes
configure:6581: checking whether struct tm is in sys/time.h or time.h
configure:6602: gcc -c -g -O2  conftest.c >&5
configure:6602: $? = 0
configure:6610: result: time.h
configure:6618: checking for struct tm.tm_gmtoff
configure:6618: gcc -c -g -O2  conftest.c >&5
configure:6618: $? = 0
configure:6618: result: yes
configure:6630: checking for struct tm.__tm_gmtoff
configure:6630: gcc -c -g -O2  conftest.c >&5
conftest.c: In function 'main':
conftest.c:56:13: error: 'struct tm' has no member named '__tm_gmtoff'; did you mean 'tm_gmtoff'?
   56 | if (ac_aggr.__tm_gmtoff)
      |             ^~~~~~~~~~~
      |             tm_gmtoff
configure:6630: $? = 1
configure: failed program was:
| /* confdefs.h */
| #define PACKAGE_NAME "gsoap"
| #define PACKAGE_TARNAME "gsoap"
| #define PACKAGE_VERSION "2.8"
| #define PACKAGE_STRING "gsoap 2.8"
| #define PACKAGE_BUGREPORT ""
| #define PACKAGE_URL ""
| #define PACKAGE "gsoap"
| #define VERSION "2.8"
| #define YYTEXT_POINTER 1
| #define HAVE_STDIO_H 1
| #define HAVE_STDLIB_H 1
| #define HAVE_STRING_H 1
| #define HAVE_INTTYPES_H 1
| #define HAVE_STDINT_H 1
| #define HAVE_STRINGS_H 1
| #define HAVE_SYS_STAT_H 1
| #define HAVE_SYS_TYPES_H 1
| #define HAVE_UNISTD_H 1
| #define HAVE_SYS_TIME_H 1
| #define STDC_HEADERS 1
| #define HAVE_ARPA_INET_H 1
| #define HAVE_LOCALE_H 1
| #define HAVE_ERRNO_H 1
| #define HAVE_FCNTL_H 1
| #define HAVE_CTYPE_H 1
| #define HAVE_LIMITS_H 1
| #define HAVE_FLOAT_H 1
| #define HAVE_MATH_H 1
| #define HAVE_NETDB_H 1
| #define HAVE_NETINET_IN_H 1
| #define HAVE_STDLIB_H 1
| #define HAVE_STRING_H 1
| #define HAVE_STRINGS_H 1
| #define HAVE_STDINT_H 1
| #define HAVE_INTTYPES_H 1
| #define HAVE_TIME_H 1
| #define HAVE_SYS_SOCKET_H 1
| #define HAVE_SYS_TYPES_H 1
| #define HAVE_SYS_TIME_H 1
| #define HAVE_SYS_TIMEB_H 1
| #define HAVE_UNISTD_H 1
| #define HAVE_POLL_H 1
| #define HAVE_SOCKLEN_T 1
| #define HAVE_STRUCT_TM_TM_GMTOFF 1
| /* end confdefs.h.  */
| 
| #include <sys/types.h>
| #include <time.h>
| 
| 
| int
| main (void)
| {
| static struct tm ac_aggr;
| if (ac_aggr.__tm_gmtoff)
| return 0;
|   ;
|   return 0;
| }
configure:6630: gcc -c -g -O2  conftest.c >&5
conftest.c: In function 'main':
conftest.c:56:20: error: 'struct tm' has no member named '__tm_gmtoff'; did you mean 'tm_gmtoff'?
   56 | if (sizeof ac_aggr.__tm_gmtoff)
      |                    ^~~~~~~~~~~
      |                    tm_gmtoff
configure:6630: $? = 1
configure: failed program was:
| /* confdefs.h */
| #define PACKAGE_NAME "gsoap"
| #define PACKAGE_TARNAME "gsoap"
| #define PACKAGE_VERSION "2.8"
| #define PACKAGE_STRING "gsoap 2.8"
| #define PACKAGE_BUGREPORT ""
| #define PACKAGE_URL ""
| #define PACKAGE "gsoap"
| #define VERSION "2.8"
| #define YYTEXT_POINTER 1
| #define HAVE_STDIO_H 1
| #define HAVE_STDLIB_H 1
| #define HAVE_STRING_H 1
| #define HAVE_INTTYPES_H 1
| #define HAVE_STDINT_H 1
| #define HAVE_STRINGS_H 1
| #define HAVE_SYS_STAT_H 1
| #define HAVE_SYS_TYPES_H 1
| #define HAVE_UNISTD_H 1
| #define HAVE_SYS_TIME_H 1
| #define STDC_HEADERS 1
| #define HAVE_ARPA_INET_H 1
| #define HAVE_LOCALE_H 1
| #define HAVE_ERRNO_H 1
| #define HAVE_FCNTL_H 1
| #define HAVE_CTYPE_H 1
| #define HAVE_LIMITS_H 1
| #define HAVE_FLOAT_H 1
| #define HAVE_MATH_H 1
| #define HAVE_NETDB_H 1
| #define HAVE_NETINET_IN_H 1
| #define HAVE_STDLIB_H 1
| #define HAVE_STRING_H 1
| #define HAVE_STRINGS_H 1
| #define HAVE_STDINT_H 1
| #define HAVE_INTTYPES_H 1
| #define HAVE_TIME_H 1
| #define HAVE_SYS_SOCKET_H 1
| #define HAVE_SYS_TYPES_H 1
| #define HAVE_SYS_TIME_H 1
| #define HAVE_SYS_TIMEB_H 1
| #define HAVE_UNISTD_H 1
| #define HAVE_POLL_H 1
| #define HAVE_SOCKLEN_T 1
| #define HAVE_STRUCT_TM_TM_GMTOFF 1
| /* end confdefs.h.  */
| 
| #include <sys/types.h>
| #include <time.h>
| 
| 
| int
| main (void)
| {
| static struct tm ac_aggr;
| if (sizeof ac_aggr.__tm_gmtoff)
| return 0;
|   ;
|   return 0;
| }
configure:6630: result: no
configure:6650: checking for alarm
configure:6650: gcc -o conftest -g -O2   conftest.c  >&5
configure:6650: $? = 0
configure:6650: result: yes
configure:6661: checking for working mktime
configure:6859: gcc -o conftest -g -O2   conftest.c  >&5
configure:6859: $? = 0
configure:6859: ./conftest
configure:6859: $? = 0
configure:6870: result: yes
configure:6884: checking for strftime
configure:6884: gcc -o conftest -g -O2   conftest.c  >&5
conftest.c:64:6: warning: conflicting types for built-in function 'strftime'; expected 'long unsigned int(char *, long unsigned int,  const char *, const void *)' [-Wbuiltin-declaration-mismatch]
   64 | char strftime ();
      |      ^~~~~~~~
conftest.c:56:1: note: 'strftime' is declared in header '<time.h>'
   55 | #include <limits.h>
   56 | #undef strftime
configure:6884: $? = 0
configure:6884: result: yes
configure:6936: checking for random
configure:6936: gcc -o conftest -g -O2   conftest.c  >&5
configure:6936: $? = 0
configure:6936: result: yes
configure:6942: checking for gettimeofday
configure:6942: gcc -o conftest -g -O2   conftest.c  >&5
configure:6942: $? = 0
configure:6942: result: yes
configure:6948: checking for ftime
configure:6948: gcc -o conftest -g -O2   conftest.c  >&5
configure:6948: $? = 0
configure:6948: result: yes
configure:6954: checking for localtime_r
configure:6954: gcc -o conftest -g -O2   conftest.c  >&5
configure:6954: $? = 0
configure:6954: result: yes
configure:6960: checking for timegm
configure:6960: gcc -o conftest -g -O2   conftest.c  >&5
configure:6960: $? = 0
configure:6960: result: yes
configure:6966: checking for gmtime
configure:6966: gcc -o conftest -g -O2   conftest.c  >&5
configure:6966: $? = 0
configure:6966: result: yes
configure:6972: checking for gmtime_r
configure:6972: gcc -o conftest -g -O2   conftest.c  >&5
configure:6972: $? = 0
configure:6972: result: yes
configure:6978: checking for asctime
configure:6978: gcc -o conftest -g -O2   conftest.c  >&5
configure:6978: $? = 0
configure:6978: result: yes
configure:6984: checking for asctime_r
configure:6984: gcc -o conftest -g -O2   conftest.c  >&5
configure:6984: $? = 0
configure:6984: result: yes
configure:6990: checking for memset
configure:6990: gcc -o conftest -g -O2   conftest.c  >&5
conftest.c:74:6: warning: conflicting types for built-in function 'memset'; expected 'void *(void *, int,  long unsigned int)' [-Wbuiltin-declaration-mismatch]
   74 | char memset ();
      |      ^~~~~~
conftest.c:66:1: note: 'memset' is declared in header '<string.h>'
   65 | #include <limits.h>
   66 | #undef memset
configure:6990: $? = 0
configure:6990: result: yes
configure:6996: checking for select
configure:6996: gcc -o conftest -g -O2   conftest.c  >&5
configure:6996: $? = 0
configure:6996: result: yes
configure:7002: checking for socket
configure:7002: gcc -o conftest -g -O2   conftest.c  >&5
configure:7002: $? = 0
configure:7002: result: yes
configure:7008: checking for snprintf
configure:7008: gcc -o conftest -g -O2   conftest.c  >&5
conftest.c:77:6: warning: conflicting types for built-in function 'snprintf'; expected 'int(char *, long unsigned int,  const char *, ...)' [-Wbuiltin-declaration-mismatch]
   77 | char snprintf ();
      |      ^~~~~~~~
conftest.c:69:1: note: 'snprintf' is declared in header '<stdio.h>'
   68 | #include <limits.h>
   69 | #undef snprintf
configure:7008: $? = 0
configure:7008: result: yes
configure:7014: checking for strchr
configure:7014: gcc -o conftest -g -O2   conftest.c  >&5
conftest.c:78:6: warning: conflicting types for built-in function 'strchr'; expected 'char *(const char *, int)' [-Wbuiltin-declaration-mismatch]
   78 | char strchr ();
      |      ^~~~~~
conftest.c:70:1: note: 'strchr' is declared in header '<string.h>'
   69 | #include <limits.h>
   70 | #undef strchr
configure:7014: $? = 0
configure:7014: result: yes
configure:7020: checking for strerror
configure:7020: gcc -o conftest -g -O2   conftest.c  >&5
configure:7020: $? = 0
configure:7020: result: yes
configure:7026: checking for strerror_r
configure:7026: gcc -o conftest -g -O2   conftest.c  >&5
configure:7026: $? = 0
configure:7026: result: yes
configure:7032: checking for strlcpy
configure:7032: gcc -o conftest -g -O2   conftest.c  >&5
/usr/bin/ld: /tmp/ccUrQY6N.o: in function `main':
/home/tin/Documents/gsoap-2.8/conftest.c:92: undefined reference to `strlcpy'
collect2: error: ld returned 1 exit status
configure:7032: $? = 1
configure: failed program was:
| /* confdefs.h */
| #define PACKAGE_NAME "gsoap"
| #define PACKAGE_TARNAME "gsoap"
| #define PACKAGE_VERSION "2.8"
| #define PACKAGE_STRING "gsoap 2.8"
| #define PACKAGE_BUGREPORT ""
| #define PACKAGE_URL ""
| #define PACKAGE "gsoap"
| #define VERSION "2.8"
| #define YYTEXT_POINTER 1
| #define HAVE_STDIO_H 1
| #define HAVE_STDLIB_H 1
| #define HAVE_STRING_H 1
| #define HAVE_INTTYPES_H 1
| #define HAVE_STDINT_H 1
| #define HAVE_STRINGS_H 1
| #define HAVE_SYS_STAT_H 1
| #define HAVE_SYS_TYPES_H 1
| #define HAVE_UNISTD_H 1
| #define HAVE_SYS_TIME_H 1
| #define STDC_HEADERS 1
| #define HAVE_ARPA_INET_H 1
| #define HAVE_LOCALE_H 1
| #define HAVE_ERRNO_H 1
| #define HAVE_FCNTL_H 1
| #define HAVE_CTYPE_H 1
| #define HAVE_LIMITS_H 1
| #define HAVE_FLOAT_H 1
| #define HAVE_MATH_H 1
| #define HAVE_NETDB_H 1
| #define HAVE_NETINET_IN_H 1
| #define HAVE_STDLIB_H 1
| #define HAVE_STRING_H 1
| #define HAVE_STRINGS_H 1
| #define HAVE_STDINT_H 1
| #define HAVE_INTTYPES_H 1
| #define HAVE_TIME_H 1
| #define HAVE_SYS_SOCKET_H 1
| #define HAVE_SYS_TYPES_H 1
| #define HAVE_SYS_TIME_H 1
| #define HAVE_SYS_TIMEB_H 1
| #define HAVE_UNISTD_H 1
| #define HAVE_POLL_H 1
| #define HAVE_SOCKLEN_T 1
| #define HAVE_STRUCT_TM_TM_GMTOFF 1
| #define HAVE_ALARM 1
| #define HAVE_STRFTIME 1
| #define HAVE_RANDOM 1
| #define HAVE_GETTIMEOFDAY 1
| #define HAVE_FTIME 1
| #define HAVE_LOCALTIME_R 1
| #define HAVE_TIMEGM 1
| #define HAVE_GMTIME 1
| #define HAVE_GMTIME_R 1
| #define HAVE_ASCTIME 1
| #define HAVE_ASCTIME_R 1
| #define HAVE_MEMSET 1
| #define HAVE_SELECT 1
| #define HAVE_SOCKET 1
| #define HAVE_SNPRINTF 1
| #define HAVE_STRCHR 1
| #define HAVE_STRERROR 1
| #define HAVE_STRERROR_R 1
| /* end confdefs.h.  */
| /* Define strlcpy to an innocuous variant, in case <limits.h> declares strlcpy.
|    For example, HP-UX 11i <limits.h> declares gettimeofday.  */
| #define strlcpy innocuous_strlcpy
| 
| /* System header to define __stub macros and hopefully few prototypes,
|    which can conflict with char strlcpy (); below.  */
| 
| #include <limits.h>
| #undef strlcpy
| 
| /* Override any GCC internal prototype to avoid an error.
|    Use char because int might match the return type of a GCC
|    builtin and then its argument prototype would still apply.  */
| #ifdef __cplusplus
| extern "C"
| #endif
| char strlcpy ();
| /* The GNU C library defines this for functions which it implements
|     to always fail with ENOSYS.  Some functions are actually named
|     something starting with __ and the normal name is an alias.  */
| #if defined __stub_strlcpy || defined __stub___strlcpy
| choke me
| #endif
| 
| int
| main (void)
| {
| return strlcpy ();
|   ;
|   return 0;
| }
configure:7032: result: no
configure:7038: checking for strlcat
configure:7038: gcc -o conftest -g -O2   conftest.c  >&5
/usr/bin/ld: /tmp/cc5zhW4S.o: in function `main':
/home/tin/Documents/gsoap-2.8/conftest.c:92: undefined reference to `strlcat'
collect2: error: ld returned 1 exit status
configure:7038: $? = 1
configure: failed program was:
| /* confdefs.h */
| #define PACKAGE_NAME "gsoap"
| #define PACKAGE_TARNAME "gsoap"
| #define PACKAGE_VERSION "2.8"
| #define PACKAGE_STRING "gsoap 2.8"
| #define PACKAGE_BUGREPORT ""
| #define PACKAGE_URL ""
| #define PACKAGE "gsoap"
| #define VERSION "2.8"
| #define YYTEXT_POINTER 1
| #define HAVE_STDIO_H 1
| #define HAVE_STDLIB_H 1
| #define HAVE_STRING_H 1
| #define HAVE_INTTYPES_H 1
| #define HAVE_STDINT_H 1
| #define HAVE_STRINGS_H 1
| #define HAVE_SYS_STAT_H 1
| #define HAVE_SYS_TYPES_H 1
| #define HAVE_UNISTD_H 1
| #define HAVE_SYS_TIME_H 1
| #define STDC_HEADERS 1
| #define HAVE_ARPA_INET_H 1
| #define HAVE_LOCALE_H 1
| #define HAVE_ERRNO_H 1
| #define HAVE_FCNTL_H 1
| #define HAVE_CTYPE_H 1
| #define HAVE_LIMITS_H 1
| #define HAVE_FLOAT_H 1
| #define HAVE_MATH_H 1
| #define HAVE_NETDB_H 1
| #define HAVE_NETINET_IN_H 1
| #define HAVE_STDLIB_H 1
| #define HAVE_STRING_H 1
| #define HAVE_STRINGS_H 1
| #define HAVE_STDINT_H 1
| #define HAVE_INTTYPES_H 1
| #define HAVE_TIME_H 1
| #define HAVE_SYS_SOCKET_H 1
| #define HAVE_SYS_TYPES_H 1
| #define HAVE_SYS_TIME_H 1
| #define HAVE_SYS_TIMEB_H 1
| #define HAVE_UNISTD_H 1
| #define HAVE_POLL_H 1
| #define HAVE_SOCKLEN_T 1
| #define HAVE_STRUCT_TM_TM_GMTOFF 1
| #define HAVE_ALARM 1
| #define HAVE_STRFTIME 1
| #define HAVE_RANDOM 1
| #define HAVE_GETTIMEOFDAY 1
| #define HAVE_FTIME 1
| #define HAVE_LOCALTIME_R 1
| #define HAVE_TIMEGM 1
| #define HAVE_GMTIME 1
| #define HAVE_GMTIME_R 1
| #define HAVE_ASCTIME 1
| #define HAVE_ASCTIME_R 1
| #define HAVE_MEMSET 1
| #define HAVE_SELECT 1
| #define HAVE_SOCKET 1
| #define HAVE_SNPRINTF 1
| #define HAVE_STRCHR 1
| #define HAVE_STRERROR 1
| #define HAVE_STRERROR_R 1
| /* end confdefs.h.  */
| /* Define strlcat to an innocuous variant, in case <limits.h> declares strlcat.
|    For example, HP-UX 11i <limits.h> declares gettimeofday.  */
| #define strlcat innocuous_strlcat
| 
| /* System header to define __stub macros and hopefully few prototypes,
|    which can conflict with char strlcat (); below.  */
| 
| #include <limits.h>
| #undef strlcat
| 
| /* Override any GCC internal prototype to avoid an error.
|    Use char because int might match the return type of a GCC
|    builtin and then its argument prototype would still apply.  */
| #ifdef __cplusplus
| extern "C"
| #endif
| char strlcat ();
| /* The GNU C library defines this for functions which it implements
|     to always fail with ENOSYS.  Some functions are actually named
|     something starting with __ and the normal name is an alias.  */
| #if defined __stub_strlcat || defined __stub___strlcat
| choke me
| #endif
| 
| int
| main (void)
| {
| return strlcat ();
|   ;
|   return 0;
| }
configure:7038: result: no
configure:7044: checking for strrchr
configure:7044: gcc -o conftest -g -O2   conftest.c  >&5
conftest.c:81:6: warning: conflicting types for built-in function 'strrchr'; expected 'char *(const char *, int)' [-Wbuiltin-declaration-mismatch]
   81 | char strrchr ();
      |      ^~~~~~~
conftest.c:73:1: note: 'strrchr' is declared in header '<string.h>'
   72 | #include <limits.h>
   73 | #undef strrchr
configure:7044: $? = 0
configure:7044: result: yes
configure:7050: checking for strstr
configure:7050: gcc -o conftest -g -O2   conftest.c  >&5
conftest.c:82:6: warning: conflicting types for built-in function 'strstr'; expected 'char *(const char *, const char *)' [-Wbuiltin-declaration-mismatch]
   82 | char strstr ();
      |      ^~~~~~
conftest.c:74:1: note: 'strstr' is declared in header '<string.h>'
   73 | #include <limits.h>
   74 | #undef strstr
configure:7050: $? = 0
configure:7050: result: yes
configure:7056: checking for strtol
configure:7056: gcc -o conftest -g -O2   conftest.c  >&5
configure:7056: $? = 0
configure:7056: result: yes
configure:7062: checking for strtoul
configure:7062: gcc -o conftest -g -O2   conftest.c  >&5
configure:7062: $? = 0
configure:7062: result: yes
configure:7068: checking for strtoll
configure:7068: gcc -o conftest -g -O2   conftest.c  >&5
configure:7068: $? = 0
configure:7068: result: yes
configure:7074: checking for strtoull
configure:7074: gcc -o conftest -g -O2   conftest.c  >&5
configure:7074: $? = 0
configure:7074: result: yes
configure:7080: checking for strtold
configure:7080: gcc -o conftest -g -O2   conftest.c  >&5
configure:7080: $? = 0
configure:7080: result: yes
configure:7086: checking for strtod
configure:7086: gcc -o conftest -g -O2   conftest.c  >&5
configure:7086: $? = 0
configure:7086: result: yes
configure:7092: checking for strtof
configure:7092: gcc -o conftest -g -O2   conftest.c  >&5
configure:7092: $? = 0
configure:7092: result: yes
configure:7098: checking for strtold_l
configure:7098: gcc -o conftest -g -O2   conftest.c  >&5
configure:7098: $? = 0
configure:7098: result: yes
configure:7104: checking for strtod_l
configure:7104: gcc -o conftest -g -O2   conftest.c  >&5
configure:7104: $? = 0
configure:7104: result: yes
configure:7110: checking for strtof_l
configure:7110: gcc -o conftest -g -O2   conftest.c  >&5
configure:7110: $? = 0
configure:7110: result: yes
configure:7116: checking for sscanf
configure:7116: gcc -o conftest -g -O2   conftest.c  >&5
conftest.c:93:6: warning: conflicting types for built-in function 'sscanf'; expected 'int(const char *, const char *, ...)' [-Wbuiltin-declaration-mismatch]
   93 | char sscanf ();
      |      ^~~~~~
conftest.c:85:1: note: 'sscanf' is declared in header '<stdio.h>'
   84 | #include <limits.h>
   85 | #undef sscanf
configure:7116: $? = 0
configure:7116: result: yes
configure:7122: checking for sscanf_l
configure:7122: gcc -o conftest -g -O2   conftest.c  >&5
/usr/bin/ld: /tmp/cc11fZMN.o: in function `main':
/home/tin/Documents/gsoap-2.8/conftest.c:105: undefined reference to `sscanf_l'
collect2: error: ld returned 1 exit status
configure:7122: $? = 1
configure: failed program was:
| /* confdefs.h */
| #define PACKAGE_NAME "gsoap"
| #define PACKAGE_TARNAME "gsoap"
| #define PACKAGE_VERSION "2.8"
| #define PACKAGE_STRING "gsoap 2.8"
| #define PACKAGE_BUGREPORT ""
| #define PACKAGE_URL ""
| #define PACKAGE "gsoap"
| #define VERSION "2.8"
| #define YYTEXT_POINTER 1
| #define HAVE_STDIO_H 1
| #define HAVE_STDLIB_H 1
| #define HAVE_STRING_H 1
| #define HAVE_INTTYPES_H 1
| #define HAVE_STDINT_H 1
| #define HAVE_STRINGS_H 1
| #define HAVE_SYS_STAT_H 1
| #define HAVE_SYS_TYPES_H 1
| #define HAVE_UNISTD_H 1
| #define HAVE_SYS_TIME_H 1
| #define STDC_HEADERS 1
| #define HAVE_ARPA_INET_H 1
| #define HAVE_LOCALE_H 1
| #define HAVE_ERRNO_H 1
| #define HAVE_FCNTL_H 1
| #define HAVE_CTYPE_H 1
| #define HAVE_LIMITS_H 1
| #define HAVE_FLOAT_H 1
| #define HAVE_MATH_H 1
| #define HAVE_NETDB_H 1
| #define HAVE_NETINET_IN_H 1
| #define HAVE_STDLIB_H 1
| #define HAVE_STRING_H 1
| #define HAVE_STRINGS_H 1
| #define HAVE_STDINT_H 1
| #define HAVE_INTTYPES_H 1
| #define HAVE_TIME_H 1
| #define HAVE_SYS_SOCKET_H 1
| #define HAVE_SYS_TYPES_H 1
| #define HAVE_SYS_TIME_H 1
| #define HAVE_SYS_TIMEB_H 1
| #define HAVE_UNISTD_H 1
| #define HAVE_POLL_H 1
| #define HAVE_SOCKLEN_T 1
| #define HAVE_STRUCT_TM_TM_GMTOFF 1
| #define HAVE_ALARM 1
| #define HAVE_STRFTIME 1
| #define HAVE_RANDOM 1
| #define HAVE_GETTIMEOFDAY 1
| #define HAVE_FTIME 1
| #define HAVE_LOCALTIME_R 1
| #define HAVE_TIMEGM 1
| #define HAVE_GMTIME 1
| #define HAVE_GMTIME_R 1
| #define HAVE_ASCTIME 1
| #define HAVE_ASCTIME_R 1
| #define HAVE_MEMSET 1
| #define HAVE_SELECT 1
| #define HAVE_SOCKET 1
| #define HAVE_SNPRINTF 1
| #define HAVE_STRCHR 1
| #define HAVE_STRERROR 1
| #define HAVE_STRERROR_R 1
| #define HAVE_STRRCHR 1
| #define HAVE_STRSTR 1
| #define HAVE_STRTOL 1
| #define HAVE_STRTOUL 1
| #define HAVE_STRTOLL 1
| #define HAVE_STRTOULL 1
| #define HAVE_STRTOLD 1
| #define HAVE_STRTOD 1
| #define HAVE_STRTOF 1
| #define HAVE_STRTOLD_L 1
| #define HAVE_STRTOD_L 1
| #define HAVE_STRTOF_L 1
| #define HAVE_SSCANF 1
| /* end confdefs.h.  */
| /* Define sscanf_l to an innocuous variant, in case <limits.h> declares sscanf_l.
|    For example, HP-UX 11i <limits.h> declares gettimeofday.  */
| #define sscanf_l innocuous_sscanf_l
| 
| /* System header to define __stub macros and hopefully few prototypes,
|    which can conflict with char sscanf_l (); below.  */
| 
| #include <limits.h>
| #undef sscanf_l
| 
| /* Override any GCC internal prototype to avoid an error.
|    Use char because int might match the return type of a GCC
|    builtin and then its argument prototype would still apply.  */
| #ifdef __cplusplus
| extern "C"
| #endif
| char sscanf_l ();
| /* The GNU C library defines this for functions which it implements
|     to always fail with ENOSYS.  Some functions are actually named
|     something starting with __ and the normal name is an alias.  */
| #if defined __stub_sscanf_l || defined __stub___sscanf_l
| choke me
| #endif
| 
| int
| main (void)
| {
| return sscanf_l ();
|   ;
|   return 0;
| }
configure:7122: result: no
configure:7128: checking for snprintf
configure:7128: result: yes
configure:7134: checking for sprintf_l
configure:7134: gcc -o conftest -g -O2   conftest.c  >&5
/usr/bin/ld: /tmp/cckdmJcl.o: in function `main':
/home/tin/Documents/gsoap-2.8/conftest.c:106: undefined reference to `sprintf_l'
collect2: error: ld returned 1 exit status
configure:7134: $? = 1
configure: failed program was:
| /* confdefs.h */
| #define PACKAGE_NAME "gsoap"
| #define PACKAGE_TARNAME "gsoap"
| #define PACKAGE_VERSION "2.8"
| #define PACKAGE_STRING "gsoap 2.8"
| #define PACKAGE_BUGREPORT ""
| #define PACKAGE_URL ""
| #define PACKAGE "gsoap"
| #define VERSION "2.8"
| #define YYTEXT_POINTER 1
| #define HAVE_STDIO_H 1
| #define HAVE_STDLIB_H 1
| #define HAVE_STRING_H 1
| #define HAVE_INTTYPES_H 1
| #define HAVE_STDINT_H 1
| #define HAVE_STRINGS_H 1
| #define HAVE_SYS_STAT_H 1
| #define HAVE_SYS_TYPES_H 1
| #define HAVE_UNISTD_H 1
| #define HAVE_SYS_TIME_H 1
| #define STDC_HEADERS 1
| #define HAVE_ARPA_INET_H 1
| #define HAVE_LOCALE_H 1
| #define HAVE_ERRNO_H 1
| #define HAVE_FCNTL_H 1
| #define HAVE_CTYPE_H 1
| #define HAVE_LIMITS_H 1
| #define HAVE_FLOAT_H 1
| #define HAVE_MATH_H 1
| #define HAVE_NETDB_H 1
| #define HAVE_NETINET_IN_H 1
| #define HAVE_STDLIB_H 1
| #define HAVE_STRING_H 1
| #define HAVE_STRINGS_H 1
| #define HAVE_STDINT_H 1
| #define HAVE_INTTYPES_H 1
| #define HAVE_TIME_H 1
| #define HAVE_SYS_SOCKET_H 1
| #define HAVE_SYS_TYPES_H 1
| #define HAVE_SYS_TIME_H 1
| #define HAVE_SYS_TIMEB_H 1
| #define HAVE_UNISTD_H 1
| #define HAVE_POLL_H 1
| #define HAVE_SOCKLEN_T 1
| #define HAVE_STRUCT_TM_TM_GMTOFF 1
| #define HAVE_ALARM 1
| #define HAVE_STRFTIME 1
| #define HAVE_RANDOM 1
| #define HAVE_GETTIMEOFDAY 1
| #define HAVE_FTIME 1
| #define HAVE_LOCALTIME_R 1
| #define HAVE_TIMEGM 1
| #define HAVE_GMTIME 1
| #define HAVE_GMTIME_R 1
| #define HAVE_ASCTIME 1
| #define HAVE_ASCTIME_R 1
| #define HAVE_MEMSET 1
| #define HAVE_SELECT 1
| #define HAVE_SOCKET 1
| #define HAVE_SNPRINTF 1
| #define HAVE_STRCHR 1
| #define HAVE_STRERROR 1
| #define HAVE_STRERROR_R 1
| #define HAVE_STRRCHR 1
| #define HAVE_STRSTR 1
| #define HAVE_STRTOL 1
| #define HAVE_STRTOUL 1
| #define HAVE_STRTOLL 1
| #define HAVE_STRTOULL 1
| #define HAVE_STRTOLD 1
| #define HAVE_STRTOD 1
| #define HAVE_STRTOF 1
| #define HAVE_STRTOLD_L 1
| #define HAVE_STRTOD_L 1
| #define HAVE_STRTOF_L 1
| #define HAVE_SSCANF 1
| #define HAVE_SNPRINTF 1
| /* end confdefs.h.  */
| /* Define sprintf_l to an innocuous variant, in case <limits.h> declares sprintf_l.
|    For example, HP-UX 11i <limits.h> declares gettimeofday.  */
| #define sprintf_l innocuous_sprintf_l
| 
| /* System header to define __stub macros and hopefully few prototypes,
|    which can conflict with char sprintf_l (); below.  */
| 
| #include <limits.h>
| #undef sprintf_l
| 
| /* Override any GCC internal prototype to avoid an error.
|    Use char because int might match the return type of a GCC
|    builtin and then its argument prototype would still apply.  */
| #ifdef __cplusplus
| extern "C"
| #endif
| char sprintf_l ();
| /* The GNU C library defines this for functions which it implements
|     to always fail with ENOSYS.  Some functions are actually named
|     something starting with __ and the normal name is an alias.  */
| #if defined __stub_sprintf_l || defined __stub___sprintf_l
| choke me
| #endif
| 
| int
| main (void)
| {
| return sprintf_l ();
|   ;
|   return 0;
| }
configure:7134: result: no
configure:7140: checking for poll
configure:7140: gcc -o conftest -g -O2   conftest.c  >&5
configure:7140: $? = 0
configure:7140: result: yes
configure:7146: checking for newlocale
configure:7146: gcc -o conftest -g -O2   conftest.c  >&5
configure:7146: $? = 0
configure:7146: result: yes
configure:7152: checking for uselocale
configure:7152: gcc -o conftest -g -O2   conftest.c  >&5
configure:7152: $? = 0
configure:7152: result: yes
configure:7158: checking for freelocale
configure:7158: gcc -o conftest -g -O2   conftest.c  >&5
configure:7158: $? = 0
configure:7158: result: yes
configure:7167: checking for isnan
configure:7167: gcc -o conftest -g -O2   conftest.c  >&5
conftest.c:99:6: warning: conflicting types for built-in function 'isnan'; expected 'int()' [-Wbuiltin-declaration-mismatch]
   99 | char isnan ();
      |      ^~~~~
conftest.c:91:1: note: 'isnan' is declared in header '<math.h>'
   90 | #include <limits.h>
   91 | #undef isnan
configure:7167: $? = 0
configure:7167: result: yes
configure:7177: checking for isinf
configure:7177: gcc -o conftest -g -O2   conftest.c  >&5
conftest.c:100:6: warning: conflicting types for built-in function 'isinf'; expected 'int()' [-Wbuiltin-declaration-mismatch]
  100 | char isinf ();
      |      ^~~~~
conftest.c:92:1: note: 'isinf' is declared in header '<math.h>'
   91 | #include <limits.h>
   92 | #undef isinf
configure:7177: $? = 0
configure:7177: result: yes
configure:7261: checking for gethostbyname_r
configure:7261: gcc -o conftest -g -O2   conftest.c  >&5
configure:7261: $? = 0
configure:7261: result: yes
configure:7268: checking for GNU libc compatible malloc
configure:7300: gcc -o conftest -g -O2   conftest.c  >&5
configure:7300: $? = 0
configure:7300: ./conftest
configure:7300: $? = 0
configure:7311: result: yes
configure:7384: checking for disable namespaces in library
configure:7387: result: no
configure:7407: checking for enable xlocale usage in library
configure:7414: result: no
configure:7430: checking for disable c locale usage in library
configure:7433: result: no
configure:7453: checking for enable ipv6 in library
configure:7460: result: no
configure:7476: checking for enable ipv6-v6only in library
configure:7483: result: no
configure:7536: checking for disable openssl in library
configure:7539: result: no
configure:7541: checking for enable gnutls or wolfssl in library
configure:7561: result: no
configure:7762: checking that generated files are newer than configure
configure:7768: result: done
configure:7807: creating ./config.status

## ---------------------- ##
## Running config.status. ##
## ---------------------- ##

This file was extended by gsoap config.status 2.8, which was
generated by GNU Autoconf 2.71.  Invocation command line was

  CONFIG_FILES    = 
  CONFIG_HEADERS  = 
  CONFIG_LINKS    = 
  CONFIG_COMMANDS = 
  $ ./config.status 

on tin-PRIME-H470M2-FPT

config.status:1014: creating Makefile
config.status:1014: creating gsoap.pc
config.status:1014: creating gsoap++.pc
config.status:1014: creating gsoapck.pc
config.status:1014: creating gsoapck++.pc
config.status:1014: creating gsoapssl.pc
config.status:1014: creating gsoapssl++.pc
config.status:1014: creating gsoap/Makefile
config.status:1014: creating gsoap/src/Makefile
config.status:1014: creating gsoap/wsdl/Makefile
config.status:1014: creating gsoap/samples/Makefile
config.status:1014: creating gsoap/samples/autotest/Makefile
config.status:1014: creating gsoap/samples/aws/Makefile
config.status:1014: creating gsoap/samples/calc/Makefile
config.status:1014: creating gsoap/samples/calc++/Makefile
config.status:1014: creating gsoap/samples/chaining/Makefile
config.status:1014: creating gsoap/samples/chaining++/Makefile
config.status:1014: creating gsoap/samples/databinding/Makefile
config.status:1014: creating gsoap/samples/dime/Makefile
config.status:1014: creating gsoap/samples/dom/Makefile
config.status:1014: creating gsoap/samples/oneway/Makefile
config.status:1014: creating gsoap/samples/oneway++/Makefile
config.status:1014: creating gsoap/samples/factory/Makefile
config.status:1014: creating gsoap/samples/factorytest/Makefile
config.status:1014: creating gsoap/samples/gmt/Makefile
config.status:1014: creating gsoap/samples/googleapi/Makefile
config.status:1014: creating gsoap/samples/hello/Makefile
config.status:1014: creating gsoap/samples/httpcookies/Makefile
config.status:1014: creating gsoap/samples/lu/Makefile
config.status:1014: creating gsoap/samples/magic/Makefile
config.status:1014: creating gsoap/samples/mashup/Makefile
config.status:1014: creating gsoap/samples/mashup++/Makefile
config.status:1014: creating gsoap/samples/mtom/Makefile
config.status:1014: creating gsoap/samples/mtom-stream/Makefile
config.status:1014: creating gsoap/samples/polytest/Makefile
config.status:1014: creating gsoap/samples/primes/Makefile
config.status:1014: creating gsoap/samples/roll/Makefile
config.status:1014: creating gsoap/samples/router/Makefile
config.status:1014: creating gsoap/samples/atom/Makefile
config.status:1014: creating gsoap/samples/rss/Makefile
config.status:1014: creating gsoap/samples/ssl/Makefile
config.status:1014: creating gsoap/samples/template/Makefile
config.status:1014: creating gsoap/samples/udp/Makefile
config.status:1014: creating gsoap/samples/tcp/Makefile
config.status:1014: creating gsoap/samples/varparam/Makefile
config.status:1014: creating gsoap/samples/wsa/Makefile
config.status:1014: creating gsoap/samples/wsrm/Makefile
config.status:1014: creating gsoap/samples/wsse/Makefile
config.status:1014: creating gsoap/samples/wst/Makefile
config.status:1014: creating gsoap/samples/xml-rpc-json/Makefile
config.status:1014: creating gsoap/samples/rest/Makefile
config.status:1014: creating gsoap/samples/testmsgr/Makefile
config.status:1014: creating gsoap/samples/async/Makefile
config.status:1014: creating config.h
config.status:1243: executing depfiles commands
config.status:1320: cd gsoap       && sed -e '/# am--include-marker/d' Makefile         | make -f - am--depfiles
config.status:1325: $? = 0
config.status:1320: cd gsoap/src       && sed -e '/# am--include-marker/d' Makefile         | make -f - am--depfiles
config.status:1325: $? = 0
config.status:1320: cd gsoap/wsdl       && sed -e '/# am--include-marker/d' Makefile         | make -f - am--depfiles
config.status:1325: $? = 0
config.status:1320: cd gsoap/samples/autotest       && sed -e '/# am--include-marker/d' Makefile         | make -f - am--depfiles
config.status:1325: $? = 0
config.status:1320: cd gsoap/samples/aws       && sed -e '/# am--include-marker/d' Makefile         | make -f - am--depfiles
config.status:1325: $? = 0
config.status:1320: cd gsoap/samples/calc       && sed -e '/# am--include-marker/d' Makefile         | make -f - am--depfiles
config.status:1325: $? = 0
config.status:1320: cd gsoap/samples/calc++       && sed -e '/# am--include-marker/d' Makefile         | make -f - am--depfiles
config.status:1325: $? = 0
config.status:1320: cd gsoap/samples/chaining       && sed -e '/# am--include-marker/d' Makefile         | make -f - am--depfiles
config.status:1325: $? = 0
config.status:1320: cd gsoap/samples/chaining++       && sed -e '/# am--include-marker/d' Makefile         | make -f - am--depfiles
config.status:1325: $? = 0
config.status:1320: cd gsoap/samples/databinding       && sed -e '/# am--include-marker/d' Makefile         | make -f - am--depfiles
config.status:1325: $? = 0
config.status:1320: cd gsoap/samples/dime       && sed -e '/# am--include-marker/d' Makefile         | make -f - am--depfiles
config.status:1325: $? = 0
config.status:1320: cd gsoap/samples/dom       && sed -e '/# am--include-marker/d' Makefile         | make -f - am--depfiles
config.status:1325: $? = 0
config.status:1320: cd gsoap/samples/oneway       && sed -e '/# am--include-marker/d' Makefile         | make -f - am--depfiles
config.status:1325: $? = 0
config.status:1320: cd gsoap/samples/oneway++       && sed -e '/# am--include-marker/d' Makefile         | make -f - am--depfiles
config.status:1325: $? = 0
config.status:1320: cd gsoap/samples/factory       && sed -e '/# am--include-marker/d' Makefile         | make -f - am--depfiles
config.status:1325: $? = 0
config.status:1320: cd gsoap/samples/factorytest       && sed -e '/# am--include-marker/d' Makefile         | make -f - am--depfiles
config.status:1325: $? = 0
config.status:1320: cd gsoap/samples/gmt       && sed -e '/# am--include-marker/d' Makefile         | make -f - am--depfiles
config.status:1325: $? = 0
config.status:1320: cd gsoap/samples/googleapi       && sed -e '/# am--include-marker/d' Makefile         | make -f - am--depfiles
/tmp/GmQo7NDI:645: warning: overriding recipe for target 'soapC.cpp'
/tmp/GmQo7NDI:642: warning: ignoring old recipe for target 'soapC.cpp'
config.status:1325: $? = 0
config.status:1320: cd gsoap/samples/hello       && sed -e '/# am--include-marker/d' Makefile         | make -f - am--depfiles
config.status:1325: $? = 0
config.status:1320: cd gsoap/samples/httpcookies       && sed -e '/# am--include-marker/d' Makefile         | make -f - am--depfiles
config.status:1325: $? = 0
config.status:1320: cd gsoap/samples/lu       && sed -e '/# am--include-marker/d' Makefile         | make -f - am--depfiles
config.status:1325: $? = 0
config.status:1320: cd gsoap/samples/magic       && sed -e '/# am--include-marker/d' Makefile         | make -f - am--depfiles
config.status:1325: $? = 0
config.status:1320: cd gsoap/samples/mashup       && sed -e '/# am--include-marker/d' Makefile         | make -f - am--depfiles
config.status:1325: $? = 0
config.status:1320: cd gsoap/samples/mashup++       && sed -e '/# am--include-marker/d' Makefile         | make -f - am--depfiles
config.status:1325: $? = 0
config.status:1320: cd gsoap/samples/mtom       && sed -e '/# am--include-marker/d' Makefile         | make -f - am--depfiles
config.status:1325: $? = 0
config.status:1320: cd gsoap/samples/mtom-stream       && sed -e '/# am--include-marker/d' Makefile         | make -f - am--depfiles
config.status:1325: $? = 0
config.status:1320: cd gsoap/samples/polytest       && sed -e '/# am--include-marker/d' Makefile         | make -f - am--depfiles
config.status:1325: $? = 0
config.status:1320: cd gsoap/samples/primes       && sed -e '/# am--include-marker/d' Makefile         | make -f - am--depfiles
config.status:1325: $? = 0
config.status:1320: cd gsoap/samples/roll       && sed -e '/# am--include-marker/d' Makefile         | make -f - am--depfiles
config.status:1325: $? = 0
config.status:1320: cd gsoap/samples/router       && sed -e '/# am--include-marker/d' Makefile         | make -f - am--depfiles
config.status:1325: $? = 0
config.status:1320: cd gsoap/samples/atom       && sed -e '/# am--include-marker/d' Makefile         | make -f - am--depfiles
config.status:1325: $? = 0
config.status:1320: cd gsoap/samples/rss       && sed -e '/# am--include-marker/d' Makefile         | make -f - am--depfiles
config.status:1325: $? = 0
config.status:1320: cd gsoap/samples/ssl       && sed -e '/# am--include-marker/d' Makefile         | make -f - am--depfiles
config.status:1325: $? = 0
config.status:1320: cd gsoap/samples/template       && sed -e '/# am--include-marker/d' Makefile         | make -f - am--depfiles
config.status:1325: $? = 0
config.status:1320: cd gsoap/samples/udp       && sed -e '/# am--include-marker/d' Makefile         | make -f - am--depfiles
config.status:1325: $? = 0
config.status:1320: cd gsoap/samples/tcp       && sed -e '/# am--include-marker/d' Makefile         | make -f - am--depfiles
config.status:1325: $? = 0
config.status:1320: cd gsoap/samples/varparam       && sed -e '/# am--include-marker/d' Makefile         | make -f - am--depfiles
config.status:1325: $? = 0
config.status:1320: cd gsoap/samples/wsa       && sed -e '/# am--include-marker/d' Makefile         | make -f - am--depfiles
config.status:1325: $? = 0
config.status:1320: cd gsoap/samples/wsrm       && sed -e '/# am--include-marker/d' Makefile         | make -f - am--depfiles
config.status:1325: $? = 0
config.status:1320: cd gsoap/samples/wsse       && sed -e '/# am--include-marker/d' Makefile         | make -f - am--depfiles
config.status:1325: $? = 0
config.status:1320: cd gsoap/samples/wst       && sed -e '/# am--include-marker/d' Makefile         | make -f - am--depfiles
config.status:1325: $? = 0
config.status:1320: cd gsoap/samples/xml-rpc-json       && sed -e '/# am--include-marker/d' Makefile         | make -f - am--depfiles
config.status:1325: $? = 0
config.status:1320: cd gsoap/samples/rest       && sed -e '/# am--include-marker/d' Makefile         | make -f - am--depfiles
config.status:1325: $? = 0
config.status:1320: cd gsoap/samples/testmsgr       && sed -e '/# am--include-marker/d' Makefile         | make -f - am--depfiles
config.status:1325: $? = 0
config.status:1320: cd gsoap/samples/async       && sed -e '/# am--include-marker/d' Makefile         | make -f - am--depfiles
config.status:1325: $? = 0

## ---------------- ##
## Cache variables. ##
## ---------------- ##

ac_cv_build=x86_64-pc-linux-gnu
ac_cv_c_compiler_gnu=yes
ac_cv_c_const=yes
ac_cv_cxx_compiler_gnu=yes
ac_cv_env_CCC_set=
ac_cv_env_CCC_value=
ac_cv_env_CC_set=
ac_cv_env_CC_value=
ac_cv_env_CFLAGS_set=
ac_cv_env_CFLAGS_value=
ac_cv_env_CPPFLAGS_set=
ac_cv_env_CPPFLAGS_value=
ac_cv_env_CPP_set=
ac_cv_env_CPP_value=
ac_cv_env_CXXFLAGS_set=
ac_cv_env_CXXFLAGS_value=
ac_cv_env_CXX_set=
ac_cv_env_CXX_value=
ac_cv_env_LDFLAGS_set=
ac_cv_env_LDFLAGS_value=
ac_cv_env_LIBS_set=
ac_cv_env_LIBS_value=
ac_cv_env_YACC_set=
ac_cv_env_YACC_value=
ac_cv_env_YFLAGS_set=
ac_cv_env_YFLAGS_value=
ac_cv_env_build_alias_set=
ac_cv_env_build_alias_value=
ac_cv_env_host_alias_set=
ac_cv_env_host_alias_value=
ac_cv_env_target_alias_set=
ac_cv_env_target_alias_value=
ac_cv_func_alarm=yes
ac_cv_func_asctime=yes
ac_cv_func_asctime_r=yes
ac_cv_func_freelocale=yes
ac_cv_func_ftime=yes
ac_cv_func_gethostbyname_r=yes
ac_cv_func_gettimeofday=yes
ac_cv_func_gmtime=yes
ac_cv_func_gmtime_r=yes
ac_cv_func_isinf=yes
ac_cv_func_isnan=yes
ac_cv_func_localtime_r=yes
ac_cv_func_malloc_0_nonnull=yes
ac_cv_func_memset=yes
ac_cv_func_newlocale=yes
ac_cv_func_poll=yes
ac_cv_func_random=yes
ac_cv_func_select=yes
ac_cv_func_snprintf=yes
ac_cv_func_socket=yes
ac_cv_func_sprintf_l=no
ac_cv_func_sscanf=yes
ac_cv_func_sscanf_l=no
ac_cv_func_strchr=yes
ac_cv_func_strerror=yes
ac_cv_func_strerror_r=yes
ac_cv_func_strftime=yes
ac_cv_func_strlcat=no
ac_cv_func_strlcpy=no
ac_cv_func_strrchr=yes
ac_cv_func_strstr=yes
ac_cv_func_strtod=yes
ac_cv_func_strtod_l=yes
ac_cv_func_strtof=yes
ac_cv_func_strtof_l=yes
ac_cv_func_strtol=yes
ac_cv_func_strtold=yes
ac_cv_func_strtold_l=yes
ac_cv_func_strtoll=yes
ac_cv_func_strtoul=yes
ac_cv_func_strtoull=yes
ac_cv_func_timegm=yes
ac_cv_func_uselocale=yes
ac_cv_func_working_mktime=yes
ac_cv_header_arpa_inet_h=yes
ac_cv_header_ctype_h=yes
ac_cv_header_errno_h=yes
ac_cv_header_fcntl_h=yes
ac_cv_header_float_h=yes
ac_cv_header_gnutls_gnutls_h=no
ac_cv_header_inttypes_h=yes
ac_cv_header_limits_h=yes
ac_cv_header_locale_h=yes
ac_cv_header_math_h=yes
ac_cv_header_netdb_h=yes
ac_cv_header_netinet_in_h=yes
ac_cv_header_openssl_ssl_h=no
ac_cv_header_poll_h=yes
ac_cv_header_stdint_h=yes
ac_cv_header_stdio_h=yes
ac_cv_header_stdlib_h=yes
ac_cv_header_string_h=yes
ac_cv_header_strings_h=yes
ac_cv_header_sys_inttypes_h=no
ac_cv_header_sys_socket_h=yes
ac_cv_header_sys_stat_h=yes
ac_cv_header_sys_time_h=yes
ac_cv_header_sys_timeb_h=yes
ac_cv_header_sys_types_h=yes
ac_cv_header_time_h=yes
ac_cv_header_unistd_h=yes
ac_cv_header_wolfssl_ssl_h=no
ac_cv_header_xlocale_h=no
ac_cv_header_zlib_h=no
ac_cv_host=x86_64-pc-linux-gnu
ac_cv_lib_lex='none needed'
ac_cv_member_struct_tm___tm_gmtoff=no
ac_cv_member_struct_tm_tm_gmtoff=yes
ac_cv_objext=o
ac_cv_path_install='/usr/bin/install -c'
ac_cv_path_mkdir=/usr/bin/mkdir
ac_cv_prog_AWK=gawk
ac_cv_prog_CPP='gcc -E'
ac_cv_prog_LEX=flex
ac_cv_prog_YACC='bison -y'
ac_cv_prog_ac_ct_AR=ar
ac_cv_prog_ac_ct_CC=gcc
ac_cv_prog_ac_ct_CXX=g++
ac_cv_prog_ac_ct_RANLIB=ranlib
ac_cv_prog_cc_c11=
ac_cv_prog_cc_g=yes
ac_cv_prog_cc_stdc=
ac_cv_prog_cxx_11=no
ac_cv_prog_cxx_cxx11=
ac_cv_prog_cxx_g=yes
ac_cv_prog_cxx_stdcxx=
ac_cv_prog_lex_root=lex.yy
ac_cv_prog_lex_yytext_pointer=yes
ac_cv_prog_make_make_set=yes
ac_cv_search_yywrap=no
ac_cv_struct_tm=time.h
ac_cv_type_size_t=yes
ac_cv_type_socklen_t=yes
am_cv_CC_dependencies_compiler_type=gcc3
am_cv_CXX_dependencies_compiler_type=gcc3
am_cv_make_support_nested_variables=yes
am_cv_prog_cc_c_o=yes

## ----------------- ##
## Output variables. ##
## ----------------- ##

ACLOCAL='${SHELL} '\''/home/tin/Documents/gsoap-2.8/missing'\'' aclocal-1.16'
AMDEPBACKSLASH='\'
AMDEP_FALSE='#'
AMDEP_TRUE=''
AMTAR='$${TAR-tar}'
AM_BACKSLASH='\'
AM_DEFAULT_V='$(AM_DEFAULT_VERBOSITY)'
AM_DEFAULT_VERBOSITY='1'
AM_V='$(V)'
AR='ar'
AUTOCONF='${SHELL} '\''/home/tin/Documents/gsoap-2.8/missing'\'' autoconf'
AUTOHEADER='${SHELL} '\''/home/tin/Documents/gsoap-2.8/missing'\'' autoheader'
AUTOMAKE='${SHELL} '\''/home/tin/Documents/gsoap-2.8/missing'\'' automake-1.16'
AWK='gawk'
BISON_DEFINE='-DWITH_BISON'
CC='gcc'
CCDEPMODE='depmode=gcc3'
CFLAGS='-g -O2'
CPP='gcc -E'
CPPFLAGS=''
CSCOPE='cscope'
CTAGS='ctags'
CXX='g++'
CXXDEPMODE='depmode=gcc3'
CXXFLAGS='-g -O2'
CYGPATH_W='echo'
DEBUG_COMPILE_FALSE=''
DEBUG_COMPILE_TRUE='#'
DEFS='-DHAVE_CONFIG_H'
DEPDIR='.deps'
ECHO_C=''
ECHO_N='-n'
ECHO_T=''
ENABLE_SAMPLES=''
ENABLE_SAMPLES_FALSE=''
ENABLE_SAMPLES_TRUE='#'
ETAGS='etags'
EXEEXT=''
INSTALL_DATA='${INSTALL} -m 644'
INSTALL_PROGRAM='${INSTALL}'
INSTALL_SCRIPT='${INSTALL}'
INSTALL_STRIP_PROGRAM='$(install_sh) -c -s'
LDFLAGS=''
LEX='flex'
LEXLIB=''
LEX_DEFINE='-DWITH_FLEX'
LEX_FLAGS='-l'
LEX_OUTPUT_ROOT='lex.yy'
LIBOBJS=''
LIBS=''
LN_S='ln -s'
LTLIBOBJS=''
MAKEINFO='${SHELL} '\''/home/tin/Documents/gsoap-2.8/missing'\'' makeinfo'
MKDIR_P='/usr/bin/mkdir -p'
OBJEXT='o'
PACKAGE='gsoap'
PACKAGE_BUGREPORT=''
PACKAGE_NAME='gsoap'
PACKAGE_STRING='gsoap 2.8'
PACKAGE_TARNAME='gsoap'
PACKAGE_URL=''
PACKAGE_VERSION='2.8'
PATH_SEPARATOR=':'
RANLIB='ranlib'
SAMPLE_DIRS=''
SAMPLE_EXTRA_LIBS='-lm'
SAMPLE_INCLUDES=''
SAMPLE_SSL_LIBS='-lssl -lcrypto -lz'
SET_MAKE=''
SHELL='/bin/bash'
SOAPCPP2_DEBUG=''
SOAPCPP2_IMPORTPATH='-DSOAPCPP2_IMPORT_PATH="\"${datarootdir}/gsoap/import\""'
SOAPCPP2_INCLUDE_XLOCALE=''
SOAPCPP2_IPV6=''
SOAPCPP2_IPV6_V6ONLY=''
SOAPCPP2_NONAMESPACES=''
SOAPCPP2_NO_C_LOCALE=''
STRIP=''
VERSION='2.8'
WITH_OPENSSL_FALSE='#'
WITH_OPENSSL_TRUE=''
WSDL2H_EXTRA_FLAGS='-DWITH_OPENSSL -DWITH_GZIP'
WSDL2H_EXTRA_LIBS=' -lssl -lcrypto -lz'
WSDL2H_IMPORTPATH='-DWSDL2H_IMPORT_PATH="\"${datarootdir}/gsoap/WS\""'
WSDL2H_SOAP_CPP_LIB='libgsoapssl++.a'
YACC='bison -y'
YACC_LIB=''
YFLAGS=''
ac_ct_CC='gcc'
ac_ct_CXX='g++'
am__EXEEXT_FALSE=''
am__EXEEXT_TRUE='#'
am__fastdepCC_FALSE='#'
am__fastdepCC_TRUE=''
am__fastdepCXX_FALSE='#'
am__fastdepCXX_TRUE=''
am__include='include'
am__isrc=''
am__leading_dot='.'
am__nodep='_no'
am__quote=''
am__tar='$${TAR-tar} chof - "$$tardir"'
am__untar='$${TAR-tar} xf -'
bindir='${exec_prefix}/bin'
build='x86_64-pc-linux-gnu'
build_alias=''
build_cpu='x86_64'
build_os='linux-gnu'
build_vendor='pc'
datadir='${datarootdir}'
datarootdir='${prefix}/share'
docdir='${datarootdir}/doc/${PACKAGE_TARNAME}'
dvidir='${docdir}'
exec_prefix='${prefix}'
host='x86_64-pc-linux-gnu'
host_alias=''
host_cpu='x86_64'
host_os='linux-gnu'
host_vendor='pc'
htmldir='${docdir}'
includedir='${prefix}/include'
infodir='${datarootdir}/info'
install_sh='${SHELL} /home/tin/Documents/gsoap-2.8/install-sh'
libdir='${exec_prefix}/lib'
libexecdir='${exec_prefix}/libexec'
localedir='${datarootdir}/locale'
localstatedir='${prefix}/var'
mandir='${datarootdir}/man'
mkdir_p='$(MKDIR_P)'
oldincludedir='/usr/include'
pdfdir='${docdir}'
platform='LINUX'
prefix='/usr/local'
program_transform_name='s,x,x,'
psdir='${docdir}'
runstatedir='${localstatedir}/run'
sbindir='${exec_prefix}/sbin'
sharedstatedir='${prefix}/com'
sysconfdir='${prefix}/etc'
target_alias=''

## ----------- ##
## confdefs.h. ##
## ----------- ##

/* confdefs.h */
#define PACKAGE_NAME "gsoap"
#define PACKAGE_TARNAME "gsoap"
#define PACKAGE_VERSION "2.8"
#define PACKAGE_STRING "gsoap 2.8"
#define PACKAGE_BUGREPORT ""
#define PACKAGE_URL ""
#define PACKAGE "gsoap"
#define VERSION "2.8"
#define YYTEXT_POINTER 1
#define HAVE_STDIO_H 1
#define HAVE_STDLIB_H 1
#define HAVE_STRING_H 1
#define HAVE_INTTYPES_H 1
#define HAVE_STDINT_H 1
#define HAVE_STRINGS_H 1
#define HAVE_SYS_STAT_H 1
#define HAVE_SYS_TYPES_H 1
#define HAVE_UNISTD_H 1
#define HAVE_SYS_TIME_H 1
#define STDC_HEADERS 1
#define HAVE_ARPA_INET_H 1
#define HAVE_LOCALE_H 1
#define HAVE_ERRNO_H 1
#define HAVE_FCNTL_H 1
#define HAVE_CTYPE_H 1
#define HAVE_LIMITS_H 1
#define HAVE_FLOAT_H 1
#define HAVE_MATH_H 1
#define HAVE_NETDB_H 1
#define HAVE_NETINET_IN_H 1
#define HAVE_STDLIB_H 1
#define HAVE_STRING_H 1
#define HAVE_STRINGS_H 1
#define HAVE_STDINT_H 1
#define HAVE_INTTYPES_H 1
#define HAVE_TIME_H 1
#define HAVE_SYS_SOCKET_H 1
#define HAVE_SYS_TYPES_H 1
#define HAVE_SYS_TIME_H 1
#define HAVE_SYS_TIMEB_H 1
#define HAVE_UNISTD_H 1
#define HAVE_POLL_H 1
#define HAVE_SOCKLEN_T 1
#define HAVE_STRUCT_TM_TM_GMTOFF 1
#define HAVE_ALARM 1
#define HAVE_STRFTIME 1
#define HAVE_RANDOM 1
#define HAVE_GETTIMEOFDAY 1
#define HAVE_FTIME 1
#define HAVE_LOCALTIME_R 1
#define HAVE_TIMEGM 1
#define HAVE_GMTIME 1
#define HAVE_GMTIME_R 1
#define HAVE_ASCTIME 1
#define HAVE_ASCTIME_R 1
#define HAVE_MEMSET 1
#define HAVE_SELECT 1
#define HAVE_SOCKET 1
#define HAVE_SNPRINTF 1
#define HAVE_STRCHR 1
#define HAVE_STRERROR 1
#define HAVE_STRERROR_R 1
#define HAVE_STRRCHR 1
#define HAVE_STRSTR 1
#define HAVE_STRTOL 1
#define HAVE_STRTOUL 1
#define HAVE_STRTOLL 1
#define HAVE_STRTOULL 1
#define HAVE_STRTOLD 1
#define HAVE_STRTOD 1
#define HAVE_STRTOF 1
#define HAVE_STRTOLD_L 1
#define HAVE_STRTOD_L 1
#define HAVE_STRTOF_L 1
#define HAVE_SSCANF 1
#define HAVE_SNPRINTF 1
#define HAVE_POLL 1
#define HAVE_NEWLOCALE 1
#define HAVE_USELOCALE 1
#define HAVE_FREELOCALE 1
#define HAVE_ISNAN 1
#define HAVE_ISINF 1
#define HAVE_GETHOSTBYNAME_R 1
#define HAVE_MALLOC 1

configure: exit 0

## ---------------------- ##
## Running config.status. ##
## ---------------------- ##

This file was extended by gsoap config.status 2.8, which was
generated by GNU Autoconf 2.71.  Invocation command line was

  CONFIG_FILES    = 
  CONFIG_HEADERS  = 
  CONFIG_LINKS    = 
  CONFIG_COMMANDS = 
  $ ./config.status config.h

on tin-PRIME-H470M2-FPT

config.status:1014: creating config.h
config.status:1195: config.h is unchanged
